This is pdfTeX, Version 3.141592653-2.6-1.40.26 (TeX Live 2024) (preloaded format=pdflatex 2024.3.15)  15 MAR 2024 22:22
entering extended mode
 restricted \write18 enabled.
 %&-line parsing enabled.
**DA_SubModul_3.tex
(./DA_SubModul_3.tex
LaTeX2e <2023-11-01> patch level 1
L3 programming layer <2024-02-20>
(/usr/local/texlive/2024/texmf-dist/tex/latex/koma-script/scrartcl.cls
Document Class: scrartcl 2023/07/07 v3.41 KOMA-Script document class (article)
(/usr/local/texlive/2024/texmf-dist/tex/latex/koma-script/scrkbase.sty
Package: scrkbase 2023/07/07 v3.41 KOMA-Script package (KOMA-Script-dependent b
asics and keyval usage)

(/usr/local/texlive/2024/texmf-dist/tex/latex/koma-script/scrbase.sty
Package: scrbase 2023/07/07 v3.41 KOMA-Script package (KOMA-Script-independent 
basics and keyval usage)

(/usr/local/texlive/2024/texmf-dist/tex/latex/koma-script/scrlfile.sty
Package: scrlfile 2023/07/07 v3.41 KOMA-Script package (file load hooks)

(/usr/local/texlive/2024/texmf-dist/tex/latex/koma-script/scrlfile-hook.sty
Package: scrlfile-hook 2023/07/07 v3.41 KOMA-Script package (using LaTeX hooks)


(/usr/local/texlive/2024/texmf-dist/tex/latex/koma-script/scrlogo.sty
Package: scrlogo 2023/07/07 v3.41 KOMA-Script package (logo)
)))
(/usr/local/texlive/2024/texmf-dist/tex/latex/graphics/keyval.sty
Package: keyval 2022/05/29 v1.15 key=value parser (DPC)
\KV@toks@=\toks17
)
Applying: [2021/05/01] Usage of raw or classic option list on input line 252.
Already applied: [0000/00/00] Usage of raw or classic option list on input line
 368.
))
(/usr/local/texlive/2024/texmf-dist/tex/latex/koma-script/tocbasic.sty
Package: tocbasic 2023/07/07 v3.41 KOMA-Script package (handling toc-files)
\scr@dte@tocline@numberwidth=\skip48
\scr@dte@tocline@numbox=\box51
)
Package tocbasic Info: omitting babel extension for `toc'
(tocbasic)             because of feature `nobabel' available
(tocbasic)             for `toc' on input line 133.
Package scrartcl Info: You've used standard option `12pt'.
(scrartcl)             This is correct!
(scrartcl)             Internally I'm using `fontsize=12pt'.
(scrartcl)             If you'd like to set the option with \KOMAoptions,
(scrartcl)             you'd have to use `fontsize=12pt' there
(scrartcl)             instead of `12pt', too.
Class scrartcl Info: File `scrsize12pt.clo' used to setup font sizes on input l
ine 2441.

(/usr/local/texlive/2024/texmf-dist/tex/latex/koma-script/scrsize12pt.clo
File: scrsize12pt.clo 2023/07/07 v3.41 KOMA-Script font size class option (12pt
)
)
(/usr/local/texlive/2024/texmf-dist/tex/latex/koma-script/typearea.sty
Package: typearea 2023/07/07 v3.41 KOMA-Script package (type area)
\ta@bcor=\skip49
\ta@div=\count188
Package typearea Info: You've used standard option `a4paper'.
(typearea)             This is correct!
(typearea)             Internally I'm using `paper=a4'.
(typearea)             If you'd like to set the option with \KOMAoptions,
(typearea)             you'd have to use `paper=a4' there
(typearea)             instead of `a4paper', too.
\ta@hblk=\skip50
\ta@vblk=\skip51
\ta@temp=\skip52
\footheight=\skip53
Package typearea Info: These are the values describing the layout:
(typearea)             DIV  = 12
(typearea)             BCOR = 0.0pt
(typearea)             \paperwidth      = 597.50793pt
(typearea)              \textwidth      = 448.13095pt
(typearea)              DIV departure   = -6%
(typearea)              \evensidemargin = 2.4185pt
(typearea)              \oddsidemargin  = 2.4185pt
(typearea)             \paperheight     = 845.04694pt
(typearea)              \textheight     = 635.5pt
(typearea)              \topmargin      = -41.72441pt
(typearea)              \headheight     = 18.125pt
(typearea)              \headsep        = 21.75pt
(typearea)              \topskip        = 12.0pt
(typearea)              \footskip       = 50.75pt
(typearea)              \baselineskip   = 14.5pt
(typearea)              on input line 1799.
)
\c@part=\count189
\c@section=\count190
\c@subsection=\count191
\c@subsubsection=\count192
\c@paragraph=\count193
\c@subparagraph=\count194
\scr@dte@section@maxnumwidth=\skip54
Class scrartcl Info: using compatibility default `runin=bysign'
(scrartcl)           for `\section on input line 5082.
Class scrartcl Info: using compatibility default `afterindent=bysign'
(scrartcl)           for `\section on input line 5082.
\scr@dte@part@maxnumwidth=\skip55
Class scrartcl Info: using compatibility default `afterindent=false'
(scrartcl)           for `\part on input line 5090.
\scr@dte@subsection@maxnumwidth=\skip56
Class scrartcl Info: using compatibility default `runin=bysign'
(scrartcl)           for `\subsection on input line 5100.
Class scrartcl Info: using compatibility default `afterindent=bysign'
(scrartcl)           for `\subsection on input line 5100.
\scr@dte@subsubsection@maxnumwidth=\skip57
Class scrartcl Info: using compatibility default `runin=bysign'
(scrartcl)           for `\subsubsection on input line 5110.
Class scrartcl Info: using compatibility default `afterindent=bysign'
(scrartcl)           for `\subsubsection on input line 5110.
\scr@dte@paragraph@maxnumwidth=\skip58
Class scrartcl Info: using compatibility default `runin=bysign'
(scrartcl)           for `\paragraph on input line 5121.
Class scrartcl Info: using compatibility default `afterindent=bysign'
(scrartcl)           for `\paragraph on input line 5121.
\scr@dte@subparagraph@maxnumwidth=\skip59
Class scrartcl Info: using compatibility default `runin=bysign'
(scrartcl)           for `\subparagraph on input line 5131.
Class scrartcl Info: using compatibility default `afterindent=bysign'
(scrartcl)           for `\subparagraph on input line 5131.
\abovecaptionskip=\skip60
\belowcaptionskip=\skip61
\c@pti@nb@sid@b@x=\box52
Package tocbasic Info: omitting babel extension for `lof'
(tocbasic)             because of feature `nobabel' available
(tocbasic)             for `lof' on input line 6309.
\scr@dte@figure@maxnumwidth=\skip62
\c@figure=\count195
Package tocbasic Info: omitting babel extension for `lot'
(tocbasic)             because of feature `nobabel' available
(tocbasic)             for `lot' on input line 6325.
\scr@dte@table@maxnumwidth=\skip63
\c@table=\count196
Class scrartcl Info: Redefining `\numberline' on input line 6495.
\bibindent=\dimen140
)
(./../00_LATdef/UsePackages.tex
(/usr/local/texlive/2024/texmf-dist/tex/generic/babel/babel.sty
Package: babel 2024/02/07 v24.2 The Babel package
\babel@savecnt=\count197
\U@D=\dimen141
\l@unhyphenated=\language89

(/usr/local/texlive/2024/texmf-dist/tex/generic/babel/txtbabel.def)
\bbl@readstream=\read2
\bbl@dirlevel=\count198

(/usr/local/texlive/2024/texmf-dist/tex/generic/babel-german/ngerman.ldf
Language: ngerman 2024/01/19 v2.14 German support for babel (post-1996 orthogra
phy)

(/usr/local/texlive/2024/texmf-dist/tex/generic/babel-german/ngermanb.ldf
Language: ngermanb 2024/01/19 v2.14 German support for babel (post-1996 orthogr
aphy)
Package babel Info: Making " an active character on input line 122.
)))
(/usr/local/texlive/2024/texmf-dist/tex/generic/babel/locale/de/babel-ngerman.t
ex
Package babel Info: Importing font and identification data for ngerman
(babel)             from babel-de.ini. Reported on input line 11.
) (/usr/local/texlive/2024/texmf-dist/tex/latex/setspace/setspace.sty
Package: setspace 2022/12/04 v6.7b set line spacing
)

Class scrartcl Warning: Usage of package `fancyhdr' together
(scrartcl)              with a KOMA-Script class is not recommended.
(scrartcl)              I'd suggest to use 
(scrartcl)              package `scrlayer' or `scrlayer-scrpage', because
(scrartcl)              they support KOMA-Script classes.
(scrartcl)              With `fancyhdr' several features of class `scrartcl'
(scrartcl)              like options `headsepline', `footsepline' or command
(scrartcl)              `\MakeMarkcase' and the commands `\setkomafont' and
(scrartcl)              `\addtokomafont' for the page style elements need
(scrartcl)              explicite user intervention to work.
(scrartcl)              Nevertheless, using requested
(scrartcl)              package `fancyhdr' on input line 4.

(/usr/local/texlive/2024/texmf-dist/tex/latex/fancyhdr/fancyhdr.sty
Package: fancyhdr 2022/11/09 v4.1 Extensive control of page headers and footers

\f@nch@headwidth=\skip64
\f@nch@O@elh=\skip65
\f@nch@O@erh=\skip66
\f@nch@O@olh=\skip67
\f@nch@O@orh=\skip68
\f@nch@O@elf=\skip69
\f@nch@O@erf=\skip70
\f@nch@O@olf=\skip71
\f@nch@O@orf=\skip72
)
(/usr/local/texlive/2024/texmf-dist/tex/latex/xcolor/xcolor.sty
Package: xcolor 2023/11/15 v3.01 LaTeX color extensions (UK)

(/usr/local/texlive/2024/texmf-dist/tex/latex/graphics-cfg/color.cfg
File: color.cfg 2016/01/02 v1.6 sample color configuration
)

Package xcolor Warning: Package option `usenames' is obsolete and ignored on in
put line 266.


! LaTeX Error: Unknown option 'ps2pdf' for package xcolor.

For immediate help type H <return>.
 ...                                              
                                                  
l.266 \edef
           \Gin@driver{\Gin@driver}

LaTeX has been asked to set an option called 'ps2pdf' but the package "xcolor"
has not created an option with this name.


Package xcolor Info: Driver file: pdftex.def on input line 274.
(/usr/local/texlive/2024/texmf-dist/tex/latex/graphics-def/pdftex.def
File: pdftex.def 2022/09/22 v1.2b Graphics/color driver for pdftex
)
(/usr/local/texlive/2024/texmf-dist/tex/latex/graphics/mathcolor.ltx)
Package xcolor Info: Model `cmy' substituted by `cmy0' on input line 1350.
Package xcolor Info: Model `hsb' substituted by `rgb' on input line 1354.
Package xcolor Info: Model `RGB' extended on input line 1366.
Package xcolor Info: Model `HTML' substituted by `rgb' on input line 1368.
Package xcolor Info: Model `Hsb' substituted by `hsb' on input line 1369.
Package xcolor Info: Model `tHsb' substituted by `hsb' on input line 1370.
Package xcolor Info: Model `HSB' substituted by `hsb' on input line 1371.
Package xcolor Info: Model `Gray' substituted by `gray' on input line 1372.
Package xcolor Info: Model `wave' substituted by `hsb' on input line 1373.
)
(/usr/local/texlive/2024/texmf-dist/tex/latex/graphics/dvipsnam.def
File: dvipsnam.def 2016/06/17 v3.0m Driver-dependent file (DPC,SPQR)
)
(/usr/local/texlive/2024/texmf-dist/tex/latex/xcolor/svgnam.def
File: svgnam.def 2023/11/15 v3.01 Predefined colors according to SVG 1.1 (UK)
)
(/usr/local/texlive/2024/texmf-dist/tex/latex/colortbl/colortbl.sty
Package: colortbl 2024/02/20 v1.0g Color table columns (DPC)

(/usr/local/texlive/2024/texmf-dist/tex/latex/tools/array.sty
Package: array 2023/10/16 v2.5g Tabular extension package (FMi)
\col@sep=\dimen142
\ar@mcellbox=\box53
\extrarowheight=\dimen143
\NC@list=\toks18
\extratabsurround=\skip73
\backup@length=\skip74
\ar@cellbox=\box54
)
\everycr=\toks19
\minrowclearance=\skip75
\rownum=\count199
)
(/usr/local/texlive/2024/texmf-dist/tex/latex/base/inputenc.sty
Package: inputenc 2021/02/14 v1.3d Input encoding file
\inpenc@prehook=\toks20
\inpenc@posthook=\toks21

(/usr/local/texlive/2024/texmf-dist/tex/latex/ucs/utf8x.def
File: utf8x.def 2023/11/09 UCS: Input encoding UTF-8


Package ucs Info: utf8x disabled, assuming standard utf8 processing
(ucs)             load ucs package to force utf8x processing.

(/usr/local/texlive/2024/texmf-dist/tex/latex/base/utf8.def
File: utf8.def 2022/06/07 v1.3c UTF-8 support
Now handling font encoding OML ...
... no UTF-8 mapping file for font encoding OML
Now handling font encoding OMS ...
... processing UTF-8 mapping file for font encoding OMS

(/usr/local/texlive/2024/texmf-dist/tex/latex/base/omsenc.dfu
File: omsenc.dfu 2022/06/07 v1.3c UTF-8 support
   defining Unicode char U+00A7 (decimal 167)
   defining Unicode char U+00B6 (decimal 182)
   defining Unicode char U+00B7 (decimal 183)
   defining Unicode char U+2020 (decimal 8224)
   defining Unicode char U+2021 (decimal 8225)
   defining Unicode char U+2022 (decimal 8226)
)
Now handling font encoding OT1 ...
... processing UTF-8 mapping file for font encoding OT1

(/usr/local/texlive/2024/texmf-dist/tex/latex/base/ot1enc.dfu
File: ot1enc.dfu 2022/06/07 v1.3c UTF-8 support
   defining Unicode char U+00A0 (decimal 160)
   defining Unicode char U+00A1 (decimal 161)
   defining Unicode char U+00A3 (decimal 163)
   defining Unicode char U+00AD (decimal 173)
   defining Unicode char U+00B8 (decimal 184)
   defining Unicode char U+00BF (decimal 191)
   defining Unicode char U+00C5 (decimal 197)
   defining Unicode char U+00C6 (decimal 198)
   defining Unicode char U+00D8 (decimal 216)
   defining Unicode char U+00DF (decimal 223)
   defining Unicode char U+00E6 (decimal 230)
   defining Unicode char U+00EC (decimal 236)
   defining Unicode char U+00ED (decimal 237)
   defining Unicode char U+00EE (decimal 238)
   defining Unicode char U+00EF (decimal 239)
   defining Unicode char U+00F8 (decimal 248)
   defining Unicode char U+0131 (decimal 305)
   defining Unicode char U+0141 (decimal 321)
   defining Unicode char U+0142 (decimal 322)
   defining Unicode char U+0152 (decimal 338)
   defining Unicode char U+0153 (decimal 339)
   defining Unicode char U+0174 (decimal 372)
   defining Unicode char U+0175 (decimal 373)
   defining Unicode char U+0176 (decimal 374)
   defining Unicode char U+0177 (decimal 375)
   defining Unicode char U+0218 (decimal 536)
   defining Unicode char U+0219 (decimal 537)
   defining Unicode char U+021A (decimal 538)
   defining Unicode char U+021B (decimal 539)
   defining Unicode char U+0237 (decimal 567)
   defining Unicode char U+2013 (decimal 8211)
   defining Unicode char U+2014 (decimal 8212)
   defining Unicode char U+2018 (decimal 8216)
   defining Unicode char U+2019 (decimal 8217)
   defining Unicode char U+201C (decimal 8220)
   defining Unicode char U+201D (decimal 8221)
   defining Unicode char U+FB00 (decimal 64256)
   defining Unicode char U+FB01 (decimal 64257)
   defining Unicode char U+FB02 (decimal 64258)
   defining Unicode char U+FB03 (decimal 64259)
   defining Unicode char U+FB04 (decimal 64260)
   defining Unicode char U+FB05 (decimal 64261)
   defining Unicode char U+FB06 (decimal 64262)
)
Now handling font encoding T1 ...
... processing UTF-8 mapping file for font encoding T1

(/usr/local/texlive/2024/texmf-dist/tex/latex/base/t1enc.dfu
File: t1enc.dfu 2022/06/07 v1.3c UTF-8 support
   defining Unicode char U+00A0 (decimal 160)
   defining Unicode char U+00A1 (decimal 161)
   defining Unicode char U+00A3 (decimal 163)
   defining Unicode char U+00AB (decimal 171)
   defining Unicode char U+00AD (decimal 173)
   defining Unicode char U+00BB (decimal 187)
   defining Unicode char U+00BF (decimal 191)
   defining Unicode char U+00C0 (decimal 192)
   defining Unicode char U+00C1 (decimal 193)
   defining Unicode char U+00C2 (decimal 194)
   defining Unicode char U+00C3 (decimal 195)
   defining Unicode char U+00C4 (decimal 196)
   defining Unicode char U+00C5 (decimal 197)
   defining Unicode char U+00C6 (decimal 198)
   defining Unicode char U+00C7 (decimal 199)
   defining Unicode char U+00C8 (decimal 200)
   defining Unicode char U+00C9 (decimal 201)
   defining Unicode char U+00CA (decimal 202)
   defining Unicode char U+00CB (decimal 203)
   defining Unicode char U+00CC (decimal 204)
   defining Unicode char U+00CD (decimal 205)
   defining Unicode char U+00CE (decimal 206)
   defining Unicode char U+00CF (decimal 207)
   defining Unicode char U+00D0 (decimal 208)
   defining Unicode char U+00D1 (decimal 209)
   defining Unicode char U+00D2 (decimal 210)
   defining Unicode char U+00D3 (decimal 211)
   defining Unicode char U+00D4 (decimal 212)
   defining Unicode char U+00D5 (decimal 213)
   defining Unicode char U+00D6 (decimal 214)
   defining Unicode char U+00D8 (decimal 216)
   defining Unicode char U+00D9 (decimal 217)
   defining Unicode char U+00DA (decimal 218)
   defining Unicode char U+00DB (decimal 219)
   defining Unicode char U+00DC (decimal 220)
   defining Unicode char U+00DD (decimal 221)
   defining Unicode char U+00DE (decimal 222)
   defining Unicode char U+00DF (decimal 223)
   defining Unicode char U+00E0 (decimal 224)
   defining Unicode char U+00E1 (decimal 225)
   defining Unicode char U+00E2 (decimal 226)
   defining Unicode char U+00E3 (decimal 227)
   defining Unicode char U+00E4 (decimal 228)
   defining Unicode char U+00E5 (decimal 229)
   defining Unicode char U+00E6 (decimal 230)
   defining Unicode char U+00E7 (decimal 231)
   defining Unicode char U+00E8 (decimal 232)
   defining Unicode char U+00E9 (decimal 233)
   defining Unicode char U+00EA (decimal 234)
   defining Unicode char U+00EB (decimal 235)
   defining Unicode char U+00EC (decimal 236)
   defining Unicode char U+00ED (decimal 237)
   defining Unicode char U+00EE (decimal 238)
   defining Unicode char U+00EF (decimal 239)
   defining Unicode char U+00F0 (decimal 240)
   defining Unicode char U+00F1 (decimal 241)
   defining Unicode char U+00F2 (decimal 242)
   defining Unicode char U+00F3 (decimal 243)
   defining Unicode char U+00F4 (decimal 244)
   defining Unicode char U+00F5 (decimal 245)
   defining Unicode char U+00F6 (decimal 246)
   defining Unicode char U+00F8 (decimal 248)
   defining Unicode char U+00F9 (decimal 249)
   defining Unicode char U+00FA (decimal 250)
   defining Unicode char U+00FB (decimal 251)
   defining Unicode char U+00FC (decimal 252)
   defining Unicode char U+00FD (decimal 253)
   defining Unicode char U+00FE (decimal 254)
   defining Unicode char U+00FF (decimal 255)
   defining Unicode char U+0100 (decimal 256)
   defining Unicode char U+0101 (decimal 257)
   defining Unicode char U+0102 (decimal 258)
   defining Unicode char U+0103 (decimal 259)
   defining Unicode char U+0104 (decimal 260)
   defining Unicode char U+0105 (decimal 261)
   defining Unicode char U+0106 (decimal 262)
   defining Unicode char U+0107 (decimal 263)
   defining Unicode char U+0108 (decimal 264)
   defining Unicode char U+0109 (decimal 265)
   defining Unicode char U+010A (decimal 266)
   defining Unicode char U+010B (decimal 267)
   defining Unicode char U+010C (decimal 268)
   defining Unicode char U+010D (decimal 269)
   defining Unicode char U+010E (decimal 270)
   defining Unicode char U+010F (decimal 271)
   defining Unicode char U+0110 (decimal 272)
   defining Unicode char U+0111 (decimal 273)
   defining Unicode char U+0112 (decimal 274)
   defining Unicode char U+0113 (decimal 275)
   defining Unicode char U+0114 (decimal 276)
   defining Unicode char U+0115 (decimal 277)
   defining Unicode char U+0116 (decimal 278)
   defining Unicode char U+0117 (decimal 279)
   defining Unicode char U+0118 (decimal 280)
   defining Unicode char U+0119 (decimal 281)
   defining Unicode char U+011A (decimal 282)
   defining Unicode char U+011B (decimal 283)
   defining Unicode char U+011C (decimal 284)
   defining Unicode char U+011D (decimal 285)
   defining Unicode char U+011E (decimal 286)
   defining Unicode char U+011F (decimal 287)
   defining Unicode char U+0120 (decimal 288)
   defining Unicode char U+0121 (decimal 289)
   defining Unicode char U+0122 (decimal 290)
   defining Unicode char U+0123 (decimal 291)
   defining Unicode char U+0124 (decimal 292)
   defining Unicode char U+0125 (decimal 293)
   defining Unicode char U+0128 (decimal 296)
   defining Unicode char U+0129 (decimal 297)
   defining Unicode char U+012A (decimal 298)
   defining Unicode char U+012B (decimal 299)
   defining Unicode char U+012C (decimal 300)
   defining Unicode char U+012D (decimal 301)
   defining Unicode char U+012E (decimal 302)
   defining Unicode char U+012F (decimal 303)
   defining Unicode char U+0130 (decimal 304)
   defining Unicode char U+0131 (decimal 305)
   defining Unicode char U+0132 (decimal 306)
   defining Unicode char U+0133 (decimal 307)
   defining Unicode char U+0134 (decimal 308)
   defining Unicode char U+0135 (decimal 309)
   defining Unicode char U+0136 (decimal 310)
   defining Unicode char U+0137 (decimal 311)
   defining Unicode char U+0139 (decimal 313)
   defining Unicode char U+013A (decimal 314)
   defining Unicode char U+013B (decimal 315)
   defining Unicode char U+013C (decimal 316)
   defining Unicode char U+013D (decimal 317)
   defining Unicode char U+013E (decimal 318)
   defining Unicode char U+0141 (decimal 321)
   defining Unicode char U+0142 (decimal 322)
   defining Unicode char U+0143 (decimal 323)
   defining Unicode char U+0144 (decimal 324)
   defining Unicode char U+0145 (decimal 325)
   defining Unicode char U+0146 (decimal 326)
   defining Unicode char U+0147 (decimal 327)
   defining Unicode char U+0148 (decimal 328)
   defining Unicode char U+014A (decimal 330)
   defining Unicode char U+014B (decimal 331)
   defining Unicode char U+014C (decimal 332)
   defining Unicode char U+014D (decimal 333)
   defining Unicode char U+014E (decimal 334)
   defining Unicode char U+014F (decimal 335)
   defining Unicode char U+0150 (decimal 336)
   defining Unicode char U+0151 (decimal 337)
   defining Unicode char U+0152 (decimal 338)
   defining Unicode char U+0153 (decimal 339)
   defining Unicode char U+0154 (decimal 340)
   defining Unicode char U+0155 (decimal 341)
   defining Unicode char U+0156 (decimal 342)
   defining Unicode char U+0157 (decimal 343)
   defining Unicode char U+0158 (decimal 344)
   defining Unicode char U+0159 (decimal 345)
   defining Unicode char U+015A (decimal 346)
   defining Unicode char U+015B (decimal 347)
   defining Unicode char U+015C (decimal 348)
   defining Unicode char U+015D (decimal 349)
   defining Unicode char U+015E (decimal 350)
   defining Unicode char U+015F (decimal 351)
   defining Unicode char U+0160 (decimal 352)
   defining Unicode char U+0161 (decimal 353)
   defining Unicode char U+0162 (decimal 354)
   defining Unicode char U+0163 (decimal 355)
   defining Unicode char U+0164 (decimal 356)
   defining Unicode char U+0165 (decimal 357)
   defining Unicode char U+0168 (decimal 360)
   defining Unicode char U+0169 (decimal 361)
   defining Unicode char U+016A (decimal 362)
   defining Unicode char U+016B (decimal 363)
   defining Unicode char U+016C (decimal 364)
   defining Unicode char U+016D (decimal 365)
   defining Unicode char U+016E (decimal 366)
   defining Unicode char U+016F (decimal 367)
   defining Unicode char U+0170 (decimal 368)
   defining Unicode char U+0171 (decimal 369)
   defining Unicode char U+0172 (decimal 370)
   defining Unicode char U+0173 (decimal 371)
   defining Unicode char U+0174 (decimal 372)
   defining Unicode char U+0175 (decimal 373)
   defining Unicode char U+0176 (decimal 374)
   defining Unicode char U+0177 (decimal 375)
   defining Unicode char U+0178 (decimal 376)
   defining Unicode char U+0179 (decimal 377)
   defining Unicode char U+017A (decimal 378)
   defining Unicode char U+017B (decimal 379)
   defining Unicode char U+017C (decimal 380)
   defining Unicode char U+017D (decimal 381)
   defining Unicode char U+017E (decimal 382)
   defining Unicode char U+01C4 (decimal 452)
   defining Unicode char U+01C5 (decimal 453)
   defining Unicode char U+01C6 (decimal 454)
   defining Unicode char U+01C7 (decimal 455)
   defining Unicode char U+01C8 (decimal 456)
   defining Unicode char U+01C9 (decimal 457)
   defining Unicode char U+01CA (decimal 458)
   defining Unicode char U+01CB (decimal 459)
   defining Unicode char U+01CC (decimal 460)
   defining Unicode char U+01CD (decimal 461)
   defining Unicode char U+01CE (decimal 462)
   defining Unicode char U+01CF (decimal 463)
   defining Unicode char U+01D0 (decimal 464)
   defining Unicode char U+01D1 (decimal 465)
   defining Unicode char U+01D2 (decimal 466)
   defining Unicode char U+01D3 (decimal 467)
   defining Unicode char U+01D4 (decimal 468)
   defining Unicode char U+01E2 (decimal 482)
   defining Unicode char U+01E3 (decimal 483)
   defining Unicode char U+01E6 (decimal 486)
   defining Unicode char U+01E7 (decimal 487)
   defining Unicode char U+01E8 (decimal 488)
   defining Unicode char U+01E9 (decimal 489)
   defining Unicode char U+01EA (decimal 490)
   defining Unicode char U+01EB (decimal 491)
   defining Unicode char U+01F0 (decimal 496)
   defining Unicode char U+01F4 (decimal 500)
   defining Unicode char U+01F5 (decimal 501)
   defining Unicode char U+0218 (decimal 536)
   defining Unicode char U+0219 (decimal 537)
   defining Unicode char U+021A (decimal 538)
   defining Unicode char U+021B (decimal 539)
   defining Unicode char U+0232 (decimal 562)
   defining Unicode char U+0233 (decimal 563)
   defining Unicode char U+0237 (decimal 567)
   defining Unicode char U+02D9 (decimal 729)
   defining Unicode char U+02DB (decimal 731)
   defining Unicode char U+1E02 (decimal 7682)
   defining Unicode char U+1E03 (decimal 7683)
   defining Unicode char U+1E0D (decimal 7693)
   defining Unicode char U+1E1E (decimal 7710)
   defining Unicode char U+1E1F (decimal 7711)
   defining Unicode char U+1E25 (decimal 7717)
   defining Unicode char U+1E30 (decimal 7728)
   defining Unicode char U+1E31 (decimal 7729)
   defining Unicode char U+1E37 (decimal 7735)
   defining Unicode char U+1E8E (decimal 7822)
   defining Unicode char U+1E8F (decimal 7823)
   defining Unicode char U+1E43 (decimal 7747)
   defining Unicode char U+1E45 (decimal 7749)
   defining Unicode char U+1E47 (decimal 7751)
   defining Unicode char U+1E5B (decimal 7771)
   defining Unicode char U+1E63 (decimal 7779)
   defining Unicode char U+1E6D (decimal 7789)
   defining Unicode char U+1E90 (decimal 7824)
   defining Unicode char U+1E91 (decimal 7825)
   defining Unicode char U+1E9E (decimal 7838)
   defining Unicode char U+1EF2 (decimal 7922)
   defining Unicode char U+1EF3 (decimal 7923)
   defining Unicode char U+200C (decimal 8204)
   defining Unicode char U+2010 (decimal 8208)
   defining Unicode char U+2011 (decimal 8209)
   defining Unicode char U+2012 (decimal 8210)
   defining Unicode char U+2013 (decimal 8211)
   defining Unicode char U+2014 (decimal 8212)
   defining Unicode char U+2015 (decimal 8213)
   defining Unicode char U+2018 (decimal 8216)
   defining Unicode char U+2019 (decimal 8217)
   defining Unicode char U+201A (decimal 8218)
   defining Unicode char U+201C (decimal 8220)
   defining Unicode char U+201D (decimal 8221)
   defining Unicode char U+201E (decimal 8222)
   defining Unicode char U+2030 (decimal 8240)
   defining Unicode char U+2031 (decimal 8241)
   defining Unicode char U+2039 (decimal 8249)
   defining Unicode char U+203A (decimal 8250)
   defining Unicode char U+2423 (decimal 9251)
   defining Unicode char U+1E20 (decimal 7712)
   defining Unicode char U+1E21 (decimal 7713)
   defining Unicode char U+FB00 (decimal 64256)
   defining Unicode char U+FB01 (decimal 64257)
   defining Unicode char U+FB02 (decimal 64258)
   defining Unicode char U+FB03 (decimal 64259)
   defining Unicode char U+FB04 (decimal 64260)
   defining Unicode char U+FB05 (decimal 64261)
   defining Unicode char U+FB06 (decimal 64262)
)
Now handling font encoding TS1 ...
... processing UTF-8 mapping file for font encoding TS1

(/usr/local/texlive/2024/texmf-dist/tex/latex/base/ts1enc.dfu
File: ts1enc.dfu 2022/06/07 v1.3c UTF-8 support
   defining Unicode char U+00A2 (decimal 162)
   defining Unicode char U+00A3 (decimal 163)
   defining Unicode char U+00A4 (decimal 164)
   defining Unicode char U+00A5 (decimal 165)
   defining Unicode char U+00A6 (decimal 166)
   defining Unicode char U+00A7 (decimal 167)
   defining Unicode char U+00A8 (decimal 168)
   defining Unicode char U+00A9 (decimal 169)
   defining Unicode char U+00AA (decimal 170)
   defining Unicode char U+00AC (decimal 172)
   defining Unicode char U+00AE (decimal 174)
   defining Unicode char U+00AF (decimal 175)
   defining Unicode char U+00B0 (decimal 176)
   defining Unicode char U+00B1 (decimal 177)
   defining Unicode char U+00B2 (decimal 178)
   defining Unicode char U+00B3 (decimal 179)
   defining Unicode char U+00B4 (decimal 180)
   defining Unicode char U+00B5 (decimal 181)
   defining Unicode char U+00B6 (decimal 182)
   defining Unicode char U+00B7 (decimal 183)
   defining Unicode char U+00B9 (decimal 185)
   defining Unicode char U+00BA (decimal 186)
   defining Unicode char U+00BC (decimal 188)
   defining Unicode char U+00BD (decimal 189)
   defining Unicode char U+00BE (decimal 190)
   defining Unicode char U+00D7 (decimal 215)
   defining Unicode char U+00F7 (decimal 247)
   defining Unicode char U+0192 (decimal 402)
   defining Unicode char U+02C7 (decimal 711)
   defining Unicode char U+02D8 (decimal 728)
   defining Unicode char U+02DD (decimal 733)
   defining Unicode char U+0E3F (decimal 3647)
   defining Unicode char U+2016 (decimal 8214)
   defining Unicode char U+2020 (decimal 8224)
   defining Unicode char U+2021 (decimal 8225)
   defining Unicode char U+2022 (decimal 8226)
   defining Unicode char U+2030 (decimal 8240)
   defining Unicode char U+2031 (decimal 8241)
   defining Unicode char U+203B (decimal 8251)
   defining Unicode char U+203D (decimal 8253)
   defining Unicode char U+2044 (decimal 8260)
   defining Unicode char U+204E (decimal 8270)
   defining Unicode char U+2052 (decimal 8274)
   defining Unicode char U+20A1 (decimal 8353)
   defining Unicode char U+20A4 (decimal 8356)
   defining Unicode char U+20A6 (decimal 8358)
   defining Unicode char U+20A9 (decimal 8361)
   defining Unicode char U+20AB (decimal 8363)
   defining Unicode char U+20AC (decimal 8364)
   defining Unicode char U+20B1 (decimal 8369)
   defining Unicode char U+2103 (decimal 8451)
   defining Unicode char U+2116 (decimal 8470)
   defining Unicode char U+2117 (decimal 8471)
   defining Unicode char U+211E (decimal 8478)
   defining Unicode char U+2120 (decimal 8480)
   defining Unicode char U+2122 (decimal 8482)
   defining Unicode char U+2126 (decimal 8486)
   defining Unicode char U+2127 (decimal 8487)
   defining Unicode char U+212E (decimal 8494)
   defining Unicode char U+2190 (decimal 8592)
   defining Unicode char U+2191 (decimal 8593)
   defining Unicode char U+2192 (decimal 8594)
   defining Unicode char U+2193 (decimal 8595)
   defining Unicode char U+2329 (decimal 9001)
   defining Unicode char U+3008 (decimal 12296)
   defining Unicode char U+232A (decimal 9002)
   defining Unicode char U+3009 (decimal 12297)
   defining Unicode char U+2422 (decimal 9250)
   defining Unicode char U+25E6 (decimal 9702)
   defining Unicode char U+25EF (decimal 9711)
   defining Unicode char U+266A (decimal 9834)
   defining Unicode char U+27E8 (decimal 10216)
   defining Unicode char U+27E9 (decimal 10217)
   defining Unicode char U+FEFF (decimal 65279)
)
Now handling font encoding OMX ...
... no UTF-8 mapping file for font encoding OMX
Now handling font encoding U ...
... no UTF-8 mapping file for font encoding U
   defining Unicode char U+00A9 (decimal 169)
   defining Unicode char U+00AA (decimal 170)
   defining Unicode char U+00AE (decimal 174)
   defining Unicode char U+00BA (decimal 186)
   defining Unicode char U+02C6 (decimal 710)
   defining Unicode char U+02DC (decimal 732)
   defining Unicode char U+200C (decimal 8204)
   defining Unicode char U+2026 (decimal 8230)
   defining Unicode char U+2122 (decimal 8482)
   defining Unicode char U+2423 (decimal 9251)
   defining Unicode char U+FEFF (decimal 65279)
)))
(/usr/local/texlive/2024/texmf-dist/tex/latex/wrapfig/wrapfig.sty
\wrapoverhang=\dimen144
\WF@size=\dimen145
\c@WF@wrappedlines=\count266
\WF@box=\box55
\WF@everypar=\toks22
Package: wrapfig 2003/01/31  v 3.6
)
(/usr/local/texlive/2024/texmf-dist/tex/latex/acronym/acronym.sty
Package: acronym 2020/04/17 v1.47 Support for acronyms (Tobias Oetiker)

(/usr/local/texlive/2024/texmf-dist/tex/latex/bigfoot/suffix.sty
Package: suffix 2006/07/15 1.5a Variant command support
)
(/usr/local/texlive/2024/texmf-dist/tex/generic/xstring/xstring.sty
(/usr/local/texlive/2024/texmf-dist/tex/generic/xstring/xstring.tex
\xs_counta=\count267
\xs_countb=\count268
)
Package: xstring 2023/08/22 v1.86 String manipulations (CT)
)
\AC@clearlist=\toks23
)
(/usr/local/texlive/2024/texmf-dist/tex/latex/base/ifthen.sty
Package: ifthen 2022/04/13 v1.1d Standard LaTeX ifthen package (DPC)
)
(/usr/local/texlive/2024/texmf-dist/tex/latex/lastpage/lastpage.sty
Package: lastpage 2023/10/14 v2.0e lastpage: 2.09 or 2e? (HMM)

(/usr/local/texlive/2024/texmf-dist/tex/latex/lastpage/lastpage2e.sty
Package: lastpage2e 2023/10/14 v2.0e Decide which 2e lastpage version to use (H
MM)

(/usr/local/texlive/2024/texmf-dist/tex/latex/lastpage/lastpagemodern.sty
Package: lastpagemodern 2023-10-14 v2.0e Refers to last page's name (HMM; JPG)
\c@lastpagecount=\count269
) 
)) (/usr/local/texlive/2024/texmf-dist/tex/latex/currfile/currfile.sty
Package: currfile 2022/10/10 v0.8 Provides the file path elements of the curren
t input file

(/usr/local/texlive/2024/texmf-dist/tex/latex/kvoptions/kvoptions.sty
Package: kvoptions 2022-06-15 v3.15 Key value format for package options (HO)

(/usr/local/texlive/2024/texmf-dist/tex/generic/ltxcmds/ltxcmds.sty
Package: ltxcmds 2023-12-04 v1.26 LaTeX kernel commands for general use (HO)
)
(/usr/local/texlive/2024/texmf-dist/tex/latex/kvsetkeys/kvsetkeys.sty
Package: kvsetkeys 2022-10-05 v1.19 Key value parser (HO)
))
(/usr/local/texlive/2024/texmf-dist/tex/latex/filehook/filehook.sty
Package: filehook 2022/10/25 v0.8b Hooks for input files

(/usr/local/texlive/2024/texmf-dist/tex/latex/filehook/filehook-2020.sty
Package: filehook-2020 2022/10/25 v0.8b Hooks for input files
))
\c@currfiledepth=\count270
)
(/usr/local/texlive/2024/texmf-dist/tex/latex/caption/caption.sty
Package: caption 2023/08/05 v3.6o Customizing captions (AR)

(/usr/local/texlive/2024/texmf-dist/tex/latex/caption/caption3.sty
Package: caption3 2023/07/31 v2.4d caption3 kernel (AR)
\caption@tempdima=\dimen146
\captionmargin=\dimen147
\caption@leftmargin=\dimen148
\caption@rightmargin=\dimen149
\caption@width=\dimen150
\caption@indent=\dimen151
\caption@parindent=\dimen152
\caption@hangindent=\dimen153
Package caption Info: KOMA-Script document class detected.

(/usr/local/texlive/2024/texmf-dist/tex/latex/caption/caption-koma.sto
File: caption-koma.sto 2023/09/08 v2.0e Adaption of the caption package to the 
KOMA-Script document classes (AR)
))
\c@caption@flags=\count271
\c@continuedfloat=\count272
Package caption Info: KOMA-Script scrextend package detected.
\caption@addmargin@hsize=\dimen154
\caption@addmargin@linewidth=\dimen155
Package caption Info: wrapfig package is loaded.
)
(/usr/local/texlive/2024/texmf-dist/tex/latex/sidecap/sidecap.sty
Package: sidecap 2023/01/24 v1.7a SideCap Package (RN/HjG)
\SC@BOXWD=\dimen156
\SC@CAPWD=\dimen157
\SC@tempdima=\dimen158
\SC@tempdimb=\dimen159
\c@SC@C=\count273
\SC@BOX=\box56
)
(/usr/local/texlive/2024/texmf-dist/tex/latex/caption/subcaption.sty
Package: subcaption 2023/07/28 v1.6b Sub-captions (AR)
Package caption Info: New subtype `subfigure' on input line 238.
\c@subfigure=\count274
Package caption Info: New subtype `subtable' on input line 238.
\c@subtable=\count275
)
(/usr/local/texlive/2024/texmf-dist/tex/latex/pgf/frontendlayer/tikz.sty
(/usr/local/texlive/2024/texmf-dist/tex/latex/pgf/basiclayer/pgf.sty
(/usr/local/texlive/2024/texmf-dist/tex/latex/pgf/utilities/pgfrcs.sty
(/usr/local/texlive/2024/texmf-dist/tex/generic/pgf/utilities/pgfutil-common.te
x
\pgfutil@everybye=\toks24
\pgfutil@tempdima=\dimen160
\pgfutil@tempdimb=\dimen161
)
(/usr/local/texlive/2024/texmf-dist/tex/generic/pgf/utilities/pgfutil-latex.def
\pgfutil@abb=\box57
) (/usr/local/texlive/2024/texmf-dist/tex/generic/pgf/utilities/pgfrcs.code.tex
(/usr/local/texlive/2024/texmf-dist/tex/generic/pgf/pgf.revision.tex)
Package: pgfrcs 2023-01-15 v3.1.10 (3.1.10)
))
Package: pgf 2023-01-15 v3.1.10 (3.1.10)

(/usr/local/texlive/2024/texmf-dist/tex/latex/pgf/basiclayer/pgfcore.sty
(/usr/local/texlive/2024/texmf-dist/tex/latex/graphics/graphicx.sty
Package: graphicx 2021/09/16 v1.2d Enhanced LaTeX Graphics (DPC,SPQR)

(/usr/local/texlive/2024/texmf-dist/tex/latex/graphics/graphics.sty
Package: graphics 2022/03/10 v1.4e Standard LaTeX Graphics (DPC,SPQR)

(/usr/local/texlive/2024/texmf-dist/tex/latex/graphics/trig.sty
Package: trig 2021/08/11 v1.11 sin cos tan (DPC)
)
(/usr/local/texlive/2024/texmf-dist/tex/latex/graphics-cfg/graphics.cfg
File: graphics.cfg 2016/06/04 v1.11 sample graphics configuration
)
Package graphics Info: Driver file: pdftex.def on input line 107.
)
\Gin@req@height=\dimen162
\Gin@req@width=\dimen163
)
(/usr/local/texlive/2024/texmf-dist/tex/latex/pgf/systemlayer/pgfsys.sty
(/usr/local/texlive/2024/texmf-dist/tex/generic/pgf/systemlayer/pgfsys.code.tex
Package: pgfsys 2023-01-15 v3.1.10 (3.1.10)
(/usr/local/texlive/2024/texmf-dist/tex/generic/pgf/utilities/pgfkeys.code.tex
\pgfkeys@pathtoks=\toks25
\pgfkeys@temptoks=\toks26

(/usr/local/texlive/2024/texmf-dist/tex/generic/pgf/utilities/pgfkeyslibraryfil
tered.code.tex
\pgfkeys@tmptoks=\toks27
))
\pgf@x=\dimen164
\pgf@y=\dimen165
\pgf@xa=\dimen166
\pgf@ya=\dimen167
\pgf@xb=\dimen168
\pgf@yb=\dimen169
\pgf@xc=\dimen170
\pgf@yc=\dimen171
\pgf@xd=\dimen172
\pgf@yd=\dimen173
\w@pgf@writea=\write3
\r@pgf@reada=\read3
\c@pgf@counta=\count276
\c@pgf@countb=\count277
\c@pgf@countc=\count278
\c@pgf@countd=\count279
\t@pgf@toka=\toks28
\t@pgf@tokb=\toks29
\t@pgf@tokc=\toks30
\pgf@sys@id@count=\count280

(/usr/local/texlive/2024/texmf-dist/tex/generic/pgf/systemlayer/pgf.cfg
File: pgf.cfg 2023-01-15 v3.1.10 (3.1.10)
)
Driver file for pgf: pgfsys-pdftex.def

(/usr/local/texlive/2024/texmf-dist/tex/generic/pgf/systemlayer/pgfsys-pdftex.d
ef
File: pgfsys-pdftex.def 2023-01-15 v3.1.10 (3.1.10)

(/usr/local/texlive/2024/texmf-dist/tex/generic/pgf/systemlayer/pgfsys-common-p
df.def
File: pgfsys-common-pdf.def 2023-01-15 v3.1.10 (3.1.10)
)))
(/usr/local/texlive/2024/texmf-dist/tex/generic/pgf/systemlayer/pgfsyssoftpath.
code.tex
File: pgfsyssoftpath.code.tex 2023-01-15 v3.1.10 (3.1.10)
\pgfsyssoftpath@smallbuffer@items=\count281
\pgfsyssoftpath@bigbuffer@items=\count282
)
(/usr/local/texlive/2024/texmf-dist/tex/generic/pgf/systemlayer/pgfsysprotocol.
code.tex
File: pgfsysprotocol.code.tex 2023-01-15 v3.1.10 (3.1.10)
))
(/usr/local/texlive/2024/texmf-dist/tex/generic/pgf/basiclayer/pgfcore.code.tex
Package: pgfcore 2023-01-15 v3.1.10 (3.1.10)
(/usr/local/texlive/2024/texmf-dist/tex/generic/pgf/math/pgfmath.code.tex
(/usr/local/texlive/2024/texmf-dist/tex/generic/pgf/math/pgfmathutil.code.tex)
(/usr/local/texlive/2024/texmf-dist/tex/generic/pgf/math/pgfmathparser.code.tex
\pgfmath@dimen=\dimen174
\pgfmath@count=\count283
\pgfmath@box=\box58
\pgfmath@toks=\toks31
\pgfmath@stack@operand=\toks32
\pgfmath@stack@operation=\toks33
)
(/usr/local/texlive/2024/texmf-dist/tex/generic/pgf/math/pgfmathfunctions.code.
tex)
(/usr/local/texlive/2024/texmf-dist/tex/generic/pgf/math/pgfmathfunctions.basic
.code.tex)
(/usr/local/texlive/2024/texmf-dist/tex/generic/pgf/math/pgfmathfunctions.trigo
nometric.code.tex)
(/usr/local/texlive/2024/texmf-dist/tex/generic/pgf/math/pgfmathfunctions.rando
m.code.tex)
(/usr/local/texlive/2024/texmf-dist/tex/generic/pgf/math/pgfmathfunctions.compa
rison.code.tex)
(/usr/local/texlive/2024/texmf-dist/tex/generic/pgf/math/pgfmathfunctions.base.
code.tex)
(/usr/local/texlive/2024/texmf-dist/tex/generic/pgf/math/pgfmathfunctions.round
.code.tex)
(/usr/local/texlive/2024/texmf-dist/tex/generic/pgf/math/pgfmathfunctions.misc.
code.tex)
(/usr/local/texlive/2024/texmf-dist/tex/generic/pgf/math/pgfmathfunctions.integ
erarithmetics.code.tex)
(/usr/local/texlive/2024/texmf-dist/tex/generic/pgf/math/pgfmathcalc.code.tex)
(/usr/local/texlive/2024/texmf-dist/tex/generic/pgf/math/pgfmathfloat.code.tex
\c@pgfmathroundto@lastzeros=\count284
)) (/usr/local/texlive/2024/texmf-dist/tex/generic/pgf/math/pgfint.code.tex)
(/usr/local/texlive/2024/texmf-dist/tex/generic/pgf/basiclayer/pgfcorepoints.co
de.tex
File: pgfcorepoints.code.tex 2023-01-15 v3.1.10 (3.1.10)
\pgf@picminx=\dimen175
\pgf@picmaxx=\dimen176
\pgf@picminy=\dimen177
\pgf@picmaxy=\dimen178
\pgf@pathminx=\dimen179
\pgf@pathmaxx=\dimen180
\pgf@pathminy=\dimen181
\pgf@pathmaxy=\dimen182
\pgf@xx=\dimen183
\pgf@xy=\dimen184
\pgf@yx=\dimen185
\pgf@yy=\dimen186
\pgf@zx=\dimen187
\pgf@zy=\dimen188
)
(/usr/local/texlive/2024/texmf-dist/tex/generic/pgf/basiclayer/pgfcorepathconst
ruct.code.tex
File: pgfcorepathconstruct.code.tex 2023-01-15 v3.1.10 (3.1.10)
\pgf@path@lastx=\dimen189
\pgf@path@lasty=\dimen190
)
(/usr/local/texlive/2024/texmf-dist/tex/generic/pgf/basiclayer/pgfcorepathusage
.code.tex
File: pgfcorepathusage.code.tex 2023-01-15 v3.1.10 (3.1.10)
\pgf@shorten@end@additional=\dimen191
\pgf@shorten@start@additional=\dimen192
)
(/usr/local/texlive/2024/texmf-dist/tex/generic/pgf/basiclayer/pgfcorescopes.co
de.tex
File: pgfcorescopes.code.tex 2023-01-15 v3.1.10 (3.1.10)
\pgfpic=\box59
\pgf@hbox=\box60
\pgf@layerbox@main=\box61
\pgf@picture@serial@count=\count285
)
(/usr/local/texlive/2024/texmf-dist/tex/generic/pgf/basiclayer/pgfcoregraphicst
ate.code.tex
File: pgfcoregraphicstate.code.tex 2023-01-15 v3.1.10 (3.1.10)
\pgflinewidth=\dimen193
)
(/usr/local/texlive/2024/texmf-dist/tex/generic/pgf/basiclayer/pgfcoretransform
ations.code.tex
File: pgfcoretransformations.code.tex 2023-01-15 v3.1.10 (3.1.10)
\pgf@pt@x=\dimen194
\pgf@pt@y=\dimen195
\pgf@pt@temp=\dimen196
)
(/usr/local/texlive/2024/texmf-dist/tex/generic/pgf/basiclayer/pgfcorequick.cod
e.tex
File: pgfcorequick.code.tex 2023-01-15 v3.1.10 (3.1.10)
)
(/usr/local/texlive/2024/texmf-dist/tex/generic/pgf/basiclayer/pgfcoreobjects.c
ode.tex
File: pgfcoreobjects.code.tex 2023-01-15 v3.1.10 (3.1.10)
)
(/usr/local/texlive/2024/texmf-dist/tex/generic/pgf/basiclayer/pgfcorepathproce
ssing.code.tex
File: pgfcorepathprocessing.code.tex 2023-01-15 v3.1.10 (3.1.10)
)
(/usr/local/texlive/2024/texmf-dist/tex/generic/pgf/basiclayer/pgfcorearrows.co
de.tex
File: pgfcorearrows.code.tex 2023-01-15 v3.1.10 (3.1.10)
\pgfarrowsep=\dimen197
)
(/usr/local/texlive/2024/texmf-dist/tex/generic/pgf/basiclayer/pgfcoreshade.cod
e.tex
File: pgfcoreshade.code.tex 2023-01-15 v3.1.10 (3.1.10)
\pgf@max=\dimen198
\pgf@sys@shading@range@num=\count286
\pgf@shadingcount=\count287
)
(/usr/local/texlive/2024/texmf-dist/tex/generic/pgf/basiclayer/pgfcoreimage.cod
e.tex
File: pgfcoreimage.code.tex 2023-01-15 v3.1.10 (3.1.10)
)
(/usr/local/texlive/2024/texmf-dist/tex/generic/pgf/basiclayer/pgfcoreexternal.
code.tex
File: pgfcoreexternal.code.tex 2023-01-15 v3.1.10 (3.1.10)
\pgfexternal@startupbox=\box62
)
(/usr/local/texlive/2024/texmf-dist/tex/generic/pgf/basiclayer/pgfcorelayers.co
de.tex
File: pgfcorelayers.code.tex 2023-01-15 v3.1.10 (3.1.10)
)
(/usr/local/texlive/2024/texmf-dist/tex/generic/pgf/basiclayer/pgfcoretranspare
ncy.code.tex
File: pgfcoretransparency.code.tex 2023-01-15 v3.1.10 (3.1.10)
)
(/usr/local/texlive/2024/texmf-dist/tex/generic/pgf/basiclayer/pgfcorepatterns.
code.tex
File: pgfcorepatterns.code.tex 2023-01-15 v3.1.10 (3.1.10)
)
(/usr/local/texlive/2024/texmf-dist/tex/generic/pgf/basiclayer/pgfcorerdf.code.
tex
File: pgfcorerdf.code.tex 2023-01-15 v3.1.10 (3.1.10)
)))
(/usr/local/texlive/2024/texmf-dist/tex/generic/pgf/modules/pgfmoduleshapes.cod
e.tex
File: pgfmoduleshapes.code.tex 2023-01-15 v3.1.10 (3.1.10)
\pgfnodeparttextbox=\box63
)
(/usr/local/texlive/2024/texmf-dist/tex/generic/pgf/modules/pgfmoduleplot.code.
tex
File: pgfmoduleplot.code.tex 2023-01-15 v3.1.10 (3.1.10)
)
(/usr/local/texlive/2024/texmf-dist/tex/latex/pgf/compatibility/pgfcomp-version
-0-65.sty
Package: pgfcomp-version-0-65 2023-01-15 v3.1.10 (3.1.10)
\pgf@nodesepstart=\dimen199
\pgf@nodesepend=\dimen256
)
(/usr/local/texlive/2024/texmf-dist/tex/latex/pgf/compatibility/pgfcomp-version
-1-18.sty
Package: pgfcomp-version-1-18 2023-01-15 v3.1.10 (3.1.10)
))
(/usr/local/texlive/2024/texmf-dist/tex/latex/pgf/utilities/pgffor.sty
(/usr/local/texlive/2024/texmf-dist/tex/latex/pgf/utilities/pgfkeys.sty
(/usr/local/texlive/2024/texmf-dist/tex/generic/pgf/utilities/pgfkeys.code.tex)
) (/usr/local/texlive/2024/texmf-dist/tex/latex/pgf/math/pgfmath.sty
(/usr/local/texlive/2024/texmf-dist/tex/generic/pgf/math/pgfmath.code.tex))
(/usr/local/texlive/2024/texmf-dist/tex/generic/pgf/utilities/pgffor.code.tex
Package: pgffor 2023-01-15 v3.1.10 (3.1.10)
\pgffor@iter=\dimen257
\pgffor@skip=\dimen258
\pgffor@stack=\toks34
\pgffor@toks=\toks35
))
(/usr/local/texlive/2024/texmf-dist/tex/generic/pgf/frontendlayer/tikz/tikz.cod
e.tex
Package: tikz 2023-01-15 v3.1.10 (3.1.10)

(/usr/local/texlive/2024/texmf-dist/tex/generic/pgf/libraries/pgflibraryplothan
dlers.code.tex
File: pgflibraryplothandlers.code.tex 2023-01-15 v3.1.10 (3.1.10)
\pgf@plot@mark@count=\count288
\pgfplotmarksize=\dimen259
)
\tikz@lastx=\dimen260
\tikz@lasty=\dimen261
\tikz@lastxsaved=\dimen262
\tikz@lastysaved=\dimen263
\tikz@lastmovetox=\dimen264
\tikz@lastmovetoy=\dimen265
\tikzleveldistance=\dimen266
\tikzsiblingdistance=\dimen267
\tikz@figbox=\box64
\tikz@figbox@bg=\box65
\tikz@tempbox=\box66
\tikz@tempbox@bg=\box67
\tikztreelevel=\count289
\tikznumberofchildren=\count290
\tikznumberofcurrentchild=\count291
\tikz@fig@count=\count292

(/usr/local/texlive/2024/texmf-dist/tex/generic/pgf/modules/pgfmodulematrix.cod
e.tex
File: pgfmodulematrix.code.tex 2023-01-15 v3.1.10 (3.1.10)
\pgfmatrixcurrentrow=\count293
\pgfmatrixcurrentcolumn=\count294
\pgf@matrix@numberofcolumns=\count295
)
\tikz@expandcount=\count296

(/usr/local/texlive/2024/texmf-dist/tex/generic/pgf/frontendlayer/tikz/librarie
s/tikzlibrarytopaths.code.tex
File: tikzlibrarytopaths.code.tex 2023-01-15 v3.1.10 (3.1.10)
)))
(/usr/local/texlive/2024/texmf-dist/tex/latex/tools/calc.sty
Package: calc 2023/07/08 v4.3 Infix arithmetic (KKT,FJ)
\calc@Acount=\count297
\calc@Bcount=\count298
\calc@Adimen=\dimen268
\calc@Bdimen=\dimen269
\calc@Askip=\skip76
\calc@Bskip=\skip77
LaTeX Info: Redefining \setlength on input line 80.
LaTeX Info: Redefining \addtolength on input line 81.
\calc@Ccount=\count299
\calc@Cskip=\skip78
)
(/usr/local/texlive/2024/texmf-dist/tex/latex/multirow/multirow.sty
Package: multirow 2021/03/15 v2.8 Span multiple rows of a table
\multirow@colwidth=\skip79
\multirow@cntb=\count300
\multirow@dima=\skip80
\bigstrutjot=\dimen270
)
(/usr/local/texlive/2024/texmf-dist/tex/latex/tools/longtable.sty
Package: longtable 2023-11-01 v4.19 Multi-page Table package (DPC)
\LTleft=\skip81
\LTright=\skip82
\LTpre=\skip83
\LTpost=\skip84
\LTchunksize=\count301
\LTcapwidth=\dimen271
\LT@head=\box68
\LT@firsthead=\box69
\LT@foot=\box70
\LT@lastfoot=\box71
\LT@gbox=\box72
\LT@cols=\count302
\LT@rows=\count303
\c@LT@tables=\count304
\c@LT@chunks=\count305
\LT@p@ftn=\toks36
)
Class scrartcl Info: longtable captions redefined on input line 20.

(/usr/local/texlive/2024/texmf-dist/tex/latex/amscls/amsthm.sty
Package: amsthm 2020/05/29 v2.20.6
\thm@style=\toks37
\thm@bodyfont=\toks38
\thm@headfont=\toks39
\thm@notefont=\toks40
\thm@headpunct=\toks41
\thm@preskip=\skip85
\thm@postskip=\skip86
\thm@headsep=\skip87
\dth@everypar=\toks42
)
(/usr/local/texlive/2024/texmf-dist/tex/latex/xpatch/xpatch.sty
(/usr/local/texlive/2024/texmf-dist/tex/latex/l3kernel/expl3.sty
Package: expl3 2024-02-20 L3 programming layer (loader) 

(/usr/local/texlive/2024/texmf-dist/tex/latex/l3backend/l3backend-pdftex.def
File: l3backend-pdftex.def 2024-02-20 L3 backend support: PDF output (pdfTeX)
\l__color_backend_stack_int=\count306
\l__pdf_internal_box=\box73
))
Package: xpatch 2020/03/25 v0.3a Extending etoolbox patching commands

(/usr/local/texlive/2024/texmf-dist/tex/latex/l3packages/xparse/xparse.sty
Package: xparse 2024-02-18 L3 Experimental document command parser
)
(/usr/local/texlive/2024/texmf-dist/tex/latex/etoolbox/etoolbox.sty
Package: etoolbox 2020/10/05 v2.5k e-TeX tools for LaTeX (JAW)
\etb@tempcnta=\count307
))
Class scrartcl Info: amsthm's \deferred@thm@head patched.

(/usr/local/texlive/2024/texmf-dist/tex/latex/amsmath/amsbsy.sty
Package: amsbsy 1999/11/29 v1.2d Bold Symbols

(/usr/local/texlive/2024/texmf-dist/tex/latex/amsmath/amsgen.sty
File: amsgen.sty 1999/11/30 v2.0 generic functions
\@emptytoks=\toks43
\ex@=\dimen272
)
\pmbraise@=\dimen273
)
(/usr/local/texlive/2024/texmf-dist/tex/latex/amsfonts/amssymb.sty
Package: amssymb 2013/01/14 v3.01 AMS font symbols

(/usr/local/texlive/2024/texmf-dist/tex/latex/amsfonts/amsfonts.sty
Package: amsfonts 2013/01/14 v3.01 Basic AMSFonts support
\symAMSa=\mathgroup4
\symAMSb=\mathgroup5
LaTeX Font Info:    Redeclaring math symbol \hbar on input line 98.
LaTeX Font Info:    Overwriting math alphabet `\mathfrak' in version `bold'
(Font)                  U/euf/m/n --> U/euf/b/n on input line 106.
))
(/usr/local/texlive/2024/texmf-dist/tex/latex/changepage/chngpage.sty
Package: chngpage 2009/10/20 v1.2b change page layout
\c@cp@cnt=\count308
\c@cp@tempcnt=\count309
)
(/usr/local/texlive/2024/texmf-dist/tex/latex/tabulary/tabulary.sty
Package: tabulary 2014/06/11 v0.10 tabulary package (DPC)
\TY@count=\count310
\TY@linewidth=\dimen274
\tymin=\dimen275
\tymax=\dimen276
\TY@tablewidth=\dimen277
)
(/usr/local/texlive/2024/texmf-dist/tex/latex/amsmath/amsmath.sty
Package: amsmath 2023/05/13 v2.17o AMS math features
\@mathmargin=\skip88

For additional information on amsmath, use the `?' option.
(/usr/local/texlive/2024/texmf-dist/tex/latex/amsmath/amstext.sty
Package: amstext 2021/08/26 v2.01 AMS text
)
(/usr/local/texlive/2024/texmf-dist/tex/latex/amsmath/amsopn.sty
Package: amsopn 2022/04/08 v2.04 operator names
)
\inf@bad=\count311
LaTeX Info: Redefining \frac on input line 234.
\uproot@=\count312
\leftroot@=\count313
LaTeX Info: Redefining \overline on input line 399.
LaTeX Info: Redefining \colon on input line 410.
\classnum@=\count314
\DOTSCASE@=\count315
LaTeX Info: Redefining \ldots on input line 496.
LaTeX Info: Redefining \dots on input line 499.
LaTeX Info: Redefining \cdots on input line 620.
\Mathstrutbox@=\box74
\strutbox@=\box75
LaTeX Info: Redefining \big on input line 722.
LaTeX Info: Redefining \Big on input line 723.
LaTeX Info: Redefining \bigg on input line 724.
LaTeX Info: Redefining \Bigg on input line 725.
\big@size=\dimen278
LaTeX Font Info:    Redeclaring font encoding OML on input line 743.
LaTeX Font Info:    Redeclaring font encoding OMS on input line 744.
\macc@depth=\count316
LaTeX Info: Redefining \bmod on input line 905.
LaTeX Info: Redefining \pmod on input line 910.
LaTeX Info: Redefining \smash on input line 940.
LaTeX Info: Redefining \relbar on input line 970.
LaTeX Info: Redefining \Relbar on input line 971.
\c@MaxMatrixCols=\count317
\dotsspace@=\muskip16
\c@parentequation=\count318
\dspbrk@lvl=\count319
\tag@help=\toks44
\row@=\count320
\column@=\count321
\maxfields@=\count322
\andhelp@=\toks45
\eqnshift@=\dimen279
\alignsep@=\dimen280
\tagshift@=\dimen281
\tagwidth@=\dimen282
\totwidth@=\dimen283
\lineht@=\dimen284
\@envbody=\toks46
\multlinegap=\skip89
\multlinetaggap=\skip90
\mathdisplay@stack=\toks47
LaTeX Info: Redefining \[ on input line 2953.
LaTeX Info: Redefining \] on input line 2954.
)
(/usr/local/texlive/2024/texmf-dist/tex/latex/tools/xspace.sty
Package: xspace 2014/10/28 v1.13 Space after command names (DPC,MH)
)
(/usr/local/texlive/2024/texmf-dist/tex/latex/pdfpages/pdfpages.sty
Package: pdfpages 2024/01/21 v0.5y Insert pages of external PDF documents (AM)

(/usr/local/texlive/2024/texmf-dist/tex/latex/eso-pic/eso-pic.sty
Package: eso-pic 2023/05/03 v3.0c eso-pic (RN)
\ESO@tempdima=\dimen285
\ESO@tempdimb=\dimen286
)
\AM@pagewidth=\dimen287
\AM@pageheight=\dimen288
\AM@fboxrule=\dimen289

(/usr/local/texlive/2024/texmf-dist/tex/latex/pdfpages/pppdftex.def
File: pppdftex.def 2024/01/21 v0.5y Pdfpages driver for pdfTeX (AM)
)
\pdfpages@includegraphics@status=\count323
\AM@pagebox=\box76
\AM@global@opts=\toks48
\AM@pagecnt=\count324
\AM@toc@title=\toks49
\AM@lof@heading=\toks50
\c@AM@survey=\count325
\AM@templatesizebox=\box77
)
(/usr/local/texlive/2024/texmf-dist/tex/latex/textfit/textfit.sty
Package: textfit 1994/04/15
\mags@f@r=\count326
\desired@size=\dimen290
\r@mainder=\count327
\m@gstepcount=\count328
\m@gsteplimit=\count329
\m@gstepvalue=\count330
\m@gstepdimen=\dimen291
)
(/usr/local/texlive/2024/texmf-dist/tex/latex/tabu/tabu.sty
Package: tabu 2019/01/11 v2.9 - flexible LaTeX tabulars (FC+tabu-fixed)

(/usr/local/texlive/2024/texmf-dist/tex/latex/varwidth/varwidth.sty
Package: varwidth 2009/03/30 ver 0.92;  Variable-width minipages
\@vwid@box=\box78
\sift@deathcycles=\count331
\@vwid@loff=\dimen292
\@vwid@roff=\dimen293
)
\c@taburow=\count332
\tabu@nbcols=\count333
\tabu@cnt=\count334
\tabu@Xcol=\count335
\tabu@alloc=\count336
\tabu@nested=\count337
\tabu@target=\dimen294
\tabu@spreadtarget=\dimen295
\tabu@naturalX=\dimen296
\tabucolX=\dimen297
\tabu@Xsum=\dimen298
\extrarowdepth=\dimen299
\abovetabulinesep=\dimen300
\belowtabulinesep=\dimen301
\tabustrutrule=\dimen302
\tabu@thebody=\toks51
\tabu@footnotes=\toks52
\tabu@box=\box79
\tabu@arstrutbox=\box80
\tabu@hleads=\box81
\tabu@vleads=\box82
\tabu@cellskip=\skip91
)
(/usr/local/texlive/2024/texmf-dist/tex/latex/listings/listings.sty
\lst@mode=\count338
\lst@gtempboxa=\box83
\lst@token=\toks53
\lst@length=\count339
\lst@currlwidth=\dimen303
\lst@column=\count340
\lst@pos=\count341
\lst@lostspace=\dimen304
\lst@width=\dimen305
\lst@newlines=\count342
\lst@lineno=\count343
\lst@maxwidth=\dimen306

(/usr/local/texlive/2024/texmf-dist/tex/latex/listings/lstpatch.sty
File: lstpatch.sty 2024/02/21 1.10 (Carsten Heinz)
)
(/usr/local/texlive/2024/texmf-dist/tex/latex/listings/lstmisc.sty
File: lstmisc.sty 2024/02/21 1.10 (Carsten Heinz)
\c@lstnumber=\count344
\lst@skipnumbers=\count345
\lst@framebox=\box84
)
(/usr/local/texlive/2024/texmf-dist/tex/latex/listings/listings.cfg
File: listings.cfg 2024/02/21 1.10 listings configuration
))
Package: listings 2024/02/21 1.10 (Carsten Heinz)

(/usr/local/texlive/2024/texmf-dist/tex/latex/glossaries/base/glossaries.sty
Package: glossaries 2023/09/29 v4.53 (NLCT)

(/usr/local/texlive/2024/texmf-dist/tex/latex/xkeyval/xkeyval.sty
Package: xkeyval 2022/06/16 v2.9 package option processing (HA)

(/usr/local/texlive/2024/texmf-dist/tex/generic/xkeyval/xkeyval.tex
(/usr/local/texlive/2024/texmf-dist/tex/generic/xkeyval/xkvutils.tex
\XKV@toks=\toks54
\XKV@tempa@toks=\toks55
)
\XKV@depth=\count346
File: xkeyval.tex 2014/12/03 v2.7a key=value parser (HA)
))
(/usr/local/texlive/2024/texmf-dist/tex/latex/mfirstuc/mfirstuc.sty
Package: mfirstuc 2022/10/14 v2.08 (NLCT)
\@glsmfirst=\toks56
\@glsmrest=\toks57
)
(/usr/local/texlive/2024/texmf-dist/tex/latex/xfor/xfor.sty
Package: xfor 2009/02/05 v1.05 (NLCT)
)
(/usr/local/texlive/2024/texmf-dist/tex/latex/datatool/datatool-base.sty
Package: datatool-base 2019/09/27 v2.32 (NLCT)

(/usr/local/texlive/2024/texmf-dist/tex/latex/substr/substr.sty
Package: substr 2009/10/20 v1.2 Handle substrings
\c@su@anzahl=\count347
)
(/usr/local/texlive/2024/texmf-dist/tex/latex/datatool/datatool-fp.sty
Package: datatool-fp 2019/09/27 v2.32 (NLCT)

(/usr/local/texlive/2024/texmf-dist/tex/latex/fp/fp.sty
Package: fp 1995/04/02

`Fixed Point Package', Version 0.8, April 2, 1995 (C) Michael Mehlich
(/usr/local/texlive/2024/texmf-dist/tex/latex/fp/defpattern.sty
Package: defpattern 1994/10/12
\actioncount=\count348
)
(/usr/local/texlive/2024/texmf-dist/tex/latex/fp/fp-basic.sty
Package: fp-basic 1996/05/13
\FP@xs=\count349
\FP@xia=\count350
\FP@xib=\count351
\FP@xfa=\count352
\FP@xfb=\count353
\FP@rega=\count354
\FP@regb=\count355
\FP@regs=\count356
\FP@times=\count357
)
(/usr/local/texlive/2024/texmf-dist/tex/latex/fp/fp-addons.sty
Package: fp-addons 1995/03/15
)
(/usr/local/texlive/2024/texmf-dist/tex/latex/fp/fp-snap.sty
Package: fp-snap 1995/04/05
)
(/usr/local/texlive/2024/texmf-dist/tex/latex/fp/fp-exp.sty
Package: fp-exp 1995/04/03
)
(/usr/local/texlive/2024/texmf-dist/tex/latex/fp/fp-trigo.sty
Package: fp-trigo 1995/04/14
)
(/usr/local/texlive/2024/texmf-dist/tex/latex/fp/fp-pas.sty
Package: fp-pas 1994/08/29
)
(/usr/local/texlive/2024/texmf-dist/tex/latex/fp/fp-random.sty
Package: fp-random 1995/02/23
\FPseed=\count358
)
(/usr/local/texlive/2024/texmf-dist/tex/latex/fp/fp-eqn.sty
Package: fp-eqn 1995/04/03
)
(/usr/local/texlive/2024/texmf-dist/tex/latex/fp/fp-upn.sty
Package: fp-upn 1996/10/21
)
(/usr/local/texlive/2024/texmf-dist/tex/latex/fp/fp-eval.sty
Package: fp-eval 1995/04/03
)))
\@dtl@toks=\toks58
\@dtl@tmpcount=\count359
\dtl@tmplength=\skip92
\dtl@sortresult=\count360
\@dtl@numgrpsepcount=\count361
\@dtl@datatype=\count362
\dtl@codeA=\count363
\dtl@codeB=\count364
\@dtl@foreach@level=\count365
)
(/usr/local/texlive/2024/texmf-dist/tex/latex/tracklang/tracklang.sty
Package: tracklang 2022/12/13 v1.6.1 (NLCT) Track Languages

(/usr/local/texlive/2024/texmf-dist/tex/generic/tracklang/tracklang.tex))
(/usr/local/texlive/2024/texmf-dist/tex/latex/translator/translator.sty
Package: translator 2021-05-31 v1.12d Easy translation of strings in LaTeX
)
(/usr/local/texlive/2024/texmf-dist/tex/latex/glossaries-german/glossaries-germ
an.ldf
File: glossaries-german.ldf 2014/11/23 v1.0
)
\gls@level=\count366
\@gls@tmpb=\toks59
\gls@tmplen=\skip93
\glskeylisttok=\toks60
\glslabeltok=\toks61
\glsshorttok=\toks62
\glslongtok=\toks63

(/usr/local/texlive/2024/texmf-dist/tex/latex/glossaries/styles/glossary-hypern
av.sty
Package: glossary-hypernav 2023/09/29 v4.53 (NLCT)
)
(/usr/local/texlive/2024/texmf-dist/tex/latex/glossaries/styles/glossary-list.s
ty
Package: glossary-list 2023/09/29 v4.53 (NLCT)
\glslistdottedwidth=\skip94
)
(/usr/local/texlive/2024/texmf-dist/tex/latex/glossaries/styles/glossary-long.s
ty
Package: glossary-long 2023/09/29 v4.53 (NLCT)
\glsdescwidth=\skip95
\glspagelistwidth=\skip96
)
(/usr/local/texlive/2024/texmf-dist/tex/latex/glossaries/styles/glossary-super.
sty
Package: glossary-super 2023/09/29 v4.53 (NLCT)
 (/usr/local/texlive/2024/texmf-dist/tex/latex/supertabular/supertabular.sty
Package: supertabular 2020/02/02 v4.1g the supertabular environment
\c@tracingst=\count367
\ST@wd=\dimen307
\ST@rightskip=\skip97
\ST@leftskip=\skip98
\ST@parfillskip=\skip99
\ST@pageleft=\dimen308
\ST@headht=\dimen309
\ST@tailht=\dimen310
\ST@pagesofar=\dimen311
\ST@pboxht=\dimen312
\ST@lineht=\dimen313
\ST@prevht=\dimen314
\ST@toadd=\dimen315
\ST@dimen=\dimen316
\ST@pbox=\box85
))
(/usr/local/texlive/2024/texmf-dist/tex/latex/glossaries/styles/glossary-tree.s
ty
Package: glossary-tree 2023/09/29 v4.53 (NLCT)
\glstreeindent=\skip100
)) (/usr/local/texlive/2024/texmf-dist/tex/latex/docmute/docmute.sty
Package: docmute 2012/03/22 v1.4 Input stand-alone documents
)
(/usr/local/texlive/2024/texmf-dist/tex/latex/blindtext/blindtext.sty
Package: blindtext 2012/01/06 V2.0 blindtext-Package
\c@blindtext=\count368
\c@Blindtext=\count369
\c@blind@countparstart=\count370
\blind@countxx=\count371
\blindtext@numBlindtext=\count372
\blind@countyy=\count373
\c@blindlist=\count374
\c@blindlistlevel=\count375
\c@blindlist@level=\count376
\blind@listitem=\count377
\c@blind@listcount=\count378
\c@blind@levelcount=\count379
\blind@mathformula=\count380
\blind@Mathformula=\count381
\c@blind@randomcount=\count382
\c@blind@randommax=\count383
\c@blind@pangramcount=\count384
\c@blind@pangrammax=\count385
)
(/usr/local/texlive/2024/texmf-dist/tex/latex/lipsum/lipsum.sty
(/usr/local/texlive/2024/texmf-dist/tex/latex/l3packages/l3keys2e/l3keys2e.sty
Package: l3keys2e 2024-02-18 LaTeX2e option processing using LaTeX3 keys
)
Package: lipsum 2021-09-20 v2.7 150 paragraphs of Lorem Ipsum dummy text
\g__lipsum_par_int=\count386
\l__lipsum_a_int=\count387
\l__lipsum_b_int=\count388
(/usr/local/texlive/2024/texmf-dist/tex/latex/lipsum/lipsum.ltd.tex)))
(./../00_LATdef/DocSettings.tex
(/usr/local/texlive/2024/texmf-dist/tex/latex/draftwatermark/draftwatermark.sty
Package: draftwatermark 2024/03/04 3.3 Put a gray textual watermark on document
 pages
)
\c@MsNr=\count389
\boxw=\skip101
\boxh=\skip102
\shadowsize=\skip103
\boxroundness=\skip104


! LaTeX Error: Command \tmpa already defined.
               Or name \end... illegal, see p.192 of the manual.

See the LaTeX manual or LaTeX Companion for explanation.
Type  H <return>  for immediate help.
 ...                                              
                                                  
l.83 \newlength{\tmpa}
                      
Your command was ignored.
Type  I <command> <return>  to replace it with another command,
or  <return>  to continue without it.

\shadowblockbox=\box86
(/usr/local/texlive/2024/texmf-dist/tex/latex/listings/lstlang1.sty
File: lstlang1.sty 2024/02/21 1.10 listings language file
)
(/usr/local/texlive/2024/texmf-dist/tex/latex/listings/lstmisc.sty
File: lstmisc.sty 2024/02/21 1.10 (Carsten Heinz)
)
LaTeX Font Info:    Trying to load font information for OT1+pag on input line 1
41.

(/usr/local/texlive/2024/texmf-dist/tex/latex/psnfss/ot1pag.fd
File: ot1pag.fd 2001/06/04 font definitions for OT1/pag.
))

LaTeX Warning: Unused global option(s):
    [xcolor].

(./DA_SubModul_3.aux)
\openout1 = `DA_SubModul_3.aux'.

LaTeX Font Info:    Checking defaults for OML/cmm/m/it on input line 36.
LaTeX Font Info:    ... okay on input line 36.
LaTeX Font Info:    Checking defaults for OMS/cmsy/m/n on input line 36.
LaTeX Font Info:    ... okay on input line 36.
LaTeX Font Info:    Checking defaults for OT1/cmr/m/n on input line 36.
LaTeX Font Info:    ... okay on input line 36.
LaTeX Font Info:    Checking defaults for T1/cmr/m/n on input line 36.
LaTeX Font Info:    ... okay on input line 36.
LaTeX Font Info:    Checking defaults for TS1/cmr/m/n on input line 36.
LaTeX Font Info:    ... okay on input line 36.
LaTeX Font Info:    Checking defaults for OMX/cmex/m/n on input line 36.
LaTeX Font Info:    ... okay on input line 36.
LaTeX Font Info:    Checking defaults for U/cmr/m/n on input line 36.
LaTeX Font Info:    ... okay on input line 36.

(/usr/local/texlive/2024/texmf-dist/tex/context/base/mkii/supp-pdf.mkii
[Loading MPS to PDF converter (version 2006.09.02).]
\scratchcounter=\count390
\scratchdimen=\dimen317
\scratchbox=\box87
\nofMPsegments=\count391
\nofMParguments=\count392
\everyMPshowfont=\toks64
\MPscratchCnt=\count393
\MPscratchDim=\dimen318
\MPnumerator=\count394
\makeMPintoPDFobject=\count395
\everyMPtoPDFconversion=\toks65
) (/usr/local/texlive/2024/texmf-dist/tex/latex/epstopdf-pkg/epstopdf-base.sty
Package: epstopdf-base 2020-01-24 v2.11 Base part for package epstopdf
Package epstopdf-base Info: Redefining graphics rule for `.eps' on input line 4
85.

(/usr/local/texlive/2024/texmf-dist/tex/latex/latexconfig/epstopdf-sys.cfg
File: epstopdf-sys.cfg 2010/07/13 v1.3 Configuration of (r)epstopdf for TeX Liv
e
))
Package caption Info: Begin \AtBeginDocument code.
Package caption Info: listings package is loaded.
Package caption Info: longtable package is loaded.

(/usr/local/texlive/2024/texmf-dist/tex/latex/caption/ltcaption.sty
Package: ltcaption 2021/01/08 v1.4c longtable captions (AR)
)
Package caption Info: sidecap package is loaded.
Package caption Info: supertabular package is loaded.
Package caption Info: End \AtBeginDocument code.

(/usr/local/texlive/2024/texmf-dist/tex/latex/ragged2e/ragged2e.sty
Package: ragged2e 2023/06/22 v3.6 ragged2e Package
\CenteringLeftskip=\skip105
\RaggedLeftLeftskip=\skip106
\RaggedRightLeftskip=\skip107
\CenteringRightskip=\skip108
\RaggedLeftRightskip=\skip109
\RaggedRightRightskip=\skip110
\CenteringParfillskip=\skip111
\RaggedLeftParfillskip=\skip112
\RaggedRightParfillskip=\skip113
\JustifyingParfillskip=\skip114
\CenteringParindent=\skip115
\RaggedLeftParindent=\skip116
\RaggedRightParindent=\skip117
\JustifyingParindent=\skip118
)
(/usr/local/texlive/2024/texmf-dist/tex/latex/pdflscape/pdflscape.sty
Package: pdflscape 2022-10-27 v0.13 Display of landscape pages in PDF

(/usr/local/texlive/2024/texmf-dist/tex/latex/pdflscape/pdflscape-nometadata.st
y
Package: pdflscape-nometadata 2022-10-28 v0.13 Display of landscape pages in PD
F (HO)
 (/usr/local/texlive/2024/texmf-dist/tex/generic/iftex/iftex.sty
Package: iftex 2022/02/03 v1.0f TeX engine tests
)
(/usr/local/texlive/2024/texmf-dist/tex/latex/graphics/lscape.sty
Package: lscape 2020/05/28 v3.02 Landscape Pages (DPC)
)
Package pdflscape Info: Auto-detected driver: pdftex on input line 81.
))
\c@lstlisting=\count396
Package tocbasic Info: setting babel extension for `lol' on input line 36.
\scr@dte@lstlisting@maxnumwidth=\skip119
\docmute@nestinglevel=\count397
LaTeX Font Info:    Trying to load font information for U+msa on input line 52.


(/usr/local/texlive/2024/texmf-dist/tex/latex/amsfonts/umsa.fd
File: umsa.fd 2013/01/14 v3.01 AMS symbols A
)
LaTeX Font Info:    Trying to load font information for U+msb on input line 52.


(/usr/local/texlive/2024/texmf-dist/tex/latex/amsfonts/umsb.fd
File: umsb.fd 2013/01/14 v3.01 AMS symbols B
)
Underfull \hbox (badness 10000) in paragraph at lines 52--53

 []


Underfull \hbox (badness 10000) in paragraph at lines 54--55

 []


Underfull \hbox (badness 10000) in paragraph at lines 56--57

 []


Underfull \hbox (badness 10000) in paragraph at lines 58--59

 []

LaTeX Font Info:    Font shape `OT1/pag/b/sc' in size <10.95> not available
(Font)              Font shape `OT1/pag/db/sc' tried instead on input line 61.
<./../03_AUX/01_PICT///HTL_logo.pdf, id=4, 923.45pt x 400.49625pt>
File: ./../03_AUX/01_PICT///HTL_logo.pdf Graphic file (type pdf)
<use ./../03_AUX/01_PICT///HTL_logo.pdf>
Package pdftex.def Info: ./../03_AUX/01_PICT///HTL_logo.pdf  used on input line
 61.
(pdftex.def)             Requested size: 55.4046pt x 24.02873pt.

Package fancyhdr Warning: \headheight is too small (18.125pt): 
(fancyhdr)                Make it at least 28.37877pt, for example:
(fancyhdr)                \setlength{\headheight}{28.37877pt}.
(fancyhdr)                You might also make \topmargin smaller to compensate:

(fancyhdr)                \addtolength{\topmargin}{-10.25377pt}.

LaTeX Font Info:    Calculating math sizes for size <149.37698> on input line 6
1.

LaTeX Font Warning: Font shape `OT1/cmr/m/n' in size <149.37698> not available
(Font)              size <24.88> substituted on input line 61.


LaTeX Font Warning: Font shape `OT1/cmr/m/n' in size <104.56343> not available
(Font)              size <24.88> substituted on input line 61.


LaTeX Font Warning: Font shape `OT1/cmr/m/n' in size <74.68849> not available
(Font)              size <24.88> substituted on input line 61.


LaTeX Font Warning: Font shape `OML/cmm/m/it' in size <149.37698> not available

(Font)              size <24.88> substituted on input line 61.


LaTeX Font Warning: Font shape `OML/cmm/m/it' in size <104.56343> not available

(Font)              size <24.88> substituted on input line 61.


LaTeX Font Warning: Font shape `OML/cmm/m/it' in size <74.68849> not available
(Font)              size <24.88> substituted on input line 61.


LaTeX Font Warning: Font shape `OMS/cmsy/m/n' in size <149.37698> not available

(Font)              size <24.88> substituted on input line 61.


LaTeX Font Warning: Font shape `OMS/cmsy/m/n' in size <104.56343> not available

(Font)              size <24.88> substituted on input line 61.


LaTeX Font Warning: Font shape `OMS/cmsy/m/n' in size <74.68849> not available
(Font)              size <24.88> substituted on input line 61.

[1{/usr/local/texlive/2024/texmf-var/fonts/map/pdftex/updmap/pdftex.map}{/usr/l
ocal/texlive/2024/texmf-dist/fonts/enc/dvips/base/8r.enc}

 <./../03_AUX/01_PICT///HTL_logo.pdf>]
File: ./../03_AUX/01_PICT///HTL_logo.pdf Graphic file (type pdf)
<use ./../03_AUX/01_PICT///HTL_logo.pdf>
Package pdftex.def Info: ./../03_AUX/01_PICT///HTL_logo.pdf  used on input line
 65.
(pdftex.def)             Requested size: 55.4046pt x 24.02873pt.


Package fancyhdr Warning: \headheight is too small (18.125pt): 
(fancyhdr)                Make it at least 28.37877pt, for example:
(fancyhdr)                \setlength{\headheight}{28.37877pt}.
(fancyhdr)                You might also make \topmargin smaller to compensate:

(fancyhdr)                \addtolength{\topmargin}{-10.25377pt}.

[2]
LaTeX Font Info:    Font shape `OT1/pag/b/n' in size <12> not available
(Font)              Font shape `OT1/pag/db/n' tried instead on input line 73.
<./../03_AUX/01_PICT/CrossOr.pdf, id=20, 158.09062pt x 251.43938pt>
File: ./../03_AUX/01_PICT/CrossOr.pdf Graphic file (type pdf)
<use ./../03_AUX/01_PICT/CrossOr.pdf>
Package pdftex.def Info: ./../03_AUX/01_PICT/CrossOr.pdf  used on input line 10
1.
(pdftex.def)             Requested size: 12.0pt x 19.0835pt.
LaTeX Font Info:    Font shape `OT1/pag/b/n' in size <14.4> not available
(Font)              Font shape `OT1/pag/db/n' tried instead on input line 101.
<./../03_AUX/01_PICT/CrossGn.pdf, id=21, 158.09062pt x 251.43938pt>
File: ./../03_AUX/01_PICT/CrossGn.pdf Graphic file (type pdf)
<use ./../03_AUX/01_PICT/CrossGn.pdf>
Package pdftex.def Info: ./../03_AUX/01_PICT/CrossGn.pdf  used on input line 10
3.
(pdftex.def)             Requested size: 12.0pt x 19.0835pt.
<./../03_AUX/01_PICT/CrossVi.pdf, id=22, 158.09062pt x 251.43938pt>
File: ./../03_AUX/01_PICT/CrossVi.pdf Graphic file (type pdf)
<use ./../03_AUX/01_PICT/CrossVi.pdf>
Package pdftex.def Info: ./../03_AUX/01_PICT/CrossVi.pdf  used on input line 10
5.
(pdftex.def)             Requested size: 12.0pt x 19.0835pt.
<./../03_AUX/01_PICT/OneOr.pdf, id=23, 100.12407pt x 199.49532pt>
File: ./../03_AUX/01_PICT/OneOr.pdf Graphic file (type pdf)
<use ./../03_AUX/01_PICT/OneOr.pdf>
Package pdftex.def Info: ./../03_AUX/01_PICT/OneOr.pdf  used on input line 121.

(pdftex.def)             Requested size: 8.53581pt x 17.0071pt.
<./../03_AUX/01_PICT/TwoOr.pdf, id=24, 100.12407pt x 200.24812pt>
File: ./../03_AUX/01_PICT/TwoOr.pdf Graphic file (type pdf)
<use ./../03_AUX/01_PICT/TwoOr.pdf>
Package pdftex.def Info: ./../03_AUX/01_PICT/TwoOr.pdf  used on input line 123.

(pdftex.def)             Requested size: 8.53581pt x 17.07127pt.
<./../03_AUX/01_PICT/ThreeOr.pdf, id=25, 100.12407pt x 200.24812pt>
File: ./../03_AUX/01_PICT/ThreeOr.pdf Graphic file (type pdf)
<use ./../03_AUX/01_PICT/ThreeOr.pdf>
Package pdftex.def Info: ./../03_AUX/01_PICT/ThreeOr.pdf  used on input line 12
5.
(pdftex.def)             Requested size: 8.53581pt x 17.07127pt.
<./../03_AUX/01_PICT/FourOr.pdf, id=26, 100.12407pt x 200.24812pt>
File: ./../03_AUX/01_PICT/FourOr.pdf Graphic file (type pdf)
<use ./../03_AUX/01_PICT/FourOr.pdf>
Package pdftex.def Info: ./../03_AUX/01_PICT/FourOr.pdf  used on input line 127
.
(pdftex.def)             Requested size: 8.53581pt x 17.07127pt.
<./../03_AUX/01_PICT/FiveOr.pdf, id=27, 100.12407pt x 200.24812pt>
File: ./../03_AUX/01_PICT/FiveOr.pdf Graphic file (type pdf)
<use ./../03_AUX/01_PICT/FiveOr.pdf>
Package pdftex.def Info: ./../03_AUX/01_PICT/FiveOr.pdf  used on input line 129
.
(pdftex.def)             Requested size: 8.53581pt x 17.07127pt.
<./../03_AUX/01_PICT/SixOr.pdf, id=28, 100.12407pt x 200.24812pt>
File: ./../03_AUX/01_PICT/SixOr.pdf Graphic file (type pdf)
<use ./../03_AUX/01_PICT/SixOr.pdf>
Package pdftex.def Info: ./../03_AUX/01_PICT/SixOr.pdf  used on input line 131.

(pdftex.def)             Requested size: 8.53581pt x 17.07127pt.
<./../03_AUX/01_PICT/SevenOr.pdf, id=29, 100.12407pt x 200.24812pt>
File: ./../03_AUX/01_PICT/SevenOr.pdf Graphic file (type pdf)
<use ./../03_AUX/01_PICT/SevenOr.pdf>
Package pdftex.def Info: ./../03_AUX/01_PICT/SevenOr.pdf  used on input line 13
3.
(pdftex.def)             Requested size: 8.53581pt x 17.07127pt.
<./../03_AUX/01_PICT/EightOr.pdf, id=30, 100.12407pt x 200.24812pt>
File: ./../03_AUX/01_PICT/EightOr.pdf Graphic file (type pdf)
<use ./../03_AUX/01_PICT/EightOr.pdf>
Package pdftex.def Info: ./../03_AUX/01_PICT/EightOr.pdf  used on input line 13
5.
(pdftex.def)             Requested size: 8.53581pt x 17.07127pt.
<./../03_AUX/01_PICT/NineOr.pdf, id=31, 100.12407pt x 200.24812pt>
File: ./../03_AUX/01_PICT/NineOr.pdf Graphic file (type pdf)
<use ./../03_AUX/01_PICT/NineOr.pdf>
Package pdftex.def Info: ./../03_AUX/01_PICT/NineOr.pdf  used on input line 137
.
(pdftex.def)             Requested size: 8.53581pt x 17.07127pt.
<./../03_AUX/01_PICT/OneVi.pdf, id=32, 100.12407pt x 200.24812pt>
File: ./../03_AUX/01_PICT/OneVi.pdf Graphic file (type pdf)
<use ./../03_AUX/01_PICT/OneVi.pdf>
Package pdftex.def Info: ./../03_AUX/01_PICT/OneVi.pdf  used on input line 149.

(pdftex.def)             Requested size: 8.53581pt x 17.07127pt.
<./../03_AUX/01_PICT/TwoGn.pdf, id=33, 100.12407pt x 200.24812pt>
File: ./../03_AUX/01_PICT/TwoGn.pdf Graphic file (type pdf)
<use ./../03_AUX/01_PICT/TwoGn.pdf>
Package pdftex.def Info: ./../03_AUX/01_PICT/TwoGn.pdf  used on input line 151.

(pdftex.def)             Requested size: 8.53581pt x 17.07127pt.
File: ./../03_AUX/01_PICT///HTL_logo.pdf Graphic file (type pdf)
<use ./../03_AUX/01_PICT///HTL_logo.pdf>
Package pdftex.def Info: ./../03_AUX/01_PICT///HTL_logo.pdf  used on input line
 152.
(pdftex.def)             Requested size: 55.4046pt x 24.02873pt.


Package fancyhdr Warning: \headheight is too small (18.125pt): 
(fancyhdr)                Make it at least 28.37877pt, for example:
(fancyhdr)                \setlength{\headheight}{28.37877pt}.
(fancyhdr)                You might also make \topmargin smaller to compensate:

(fancyhdr)                \addtolength{\topmargin}{-10.25377pt}.

[3 <./../03_AUX/01_PICT/CrossOr.pdf> <./../03_AUX/01_PICT/CrossGn.pdf

pdfTeX warning: /Library/TeX/texbin/pdflatex (file ./../03_AUX/01_PICT/CrossGn.
pdf): PDF inclusion: multiple pdfs with page group included in a single page
> <./../03_AUX/01_PICT/CrossVi.pdf> <./../03_AUX/01_PICT/OneOr.pdf

pdfTeX warning: /Library/TeX/texbin/pdflatex (file ./../03_AUX/01_PICT/OneOr.pd
f): PDF inclusion: multiple pdfs with page group included in a single page
> <./../03_AUX/01_PICT/TwoOr.pdf

pdfTeX warning: /Library/TeX/texbin/pdflatex (file ./../03_AUX/01_PICT/TwoOr.pd
f): PDF inclusion: multiple pdfs with page group included in a single page
> <./../03_AUX/01_PICT/ThreeOr.pdf

pdfTeX warning: /Library/TeX/texbin/pdflatex (file ./../03_AUX/01_PICT/ThreeOr.
pdf): PDF inclusion: multiple pdfs with page group included in a single page
> <./../03_AUX/01_PICT/FourOr.pdf

pdfTeX warning: /Library/TeX/texbin/pdflatex (file ./../03_AUX/01_PICT/FourOr.p
df): PDF inclusion: multiple pdfs with page group included in a single page
> <./../03_AUX/01_PICT/FiveOr.pdf

pdfTeX warning: /Library/TeX/texbin/pdflatex (file ./../03_AUX/01_PICT/FiveOr.p
df): PDF inclusion: multiple pdfs with page group included in a single page
> <./../03_AUX/01_PICT/SixOr.pdf

pdfTeX warning: /Library/TeX/texbin/pdflatex (file ./../03_AUX/01_PICT/SixOr.pd
f): PDF inclusion: multiple pdfs with page group included in a single page
> <./../03_AUX/01_PICT/SevenOr.pdf

pdfTeX warning: /Library/TeX/texbin/pdflatex (file ./../03_AUX/01_PICT/SevenOr.
pdf): PDF inclusion: multiple pdfs with page group included in a single page
> <./../03_AUX/01_PICT/EightOr.pdf

pdfTeX warning: /Library/TeX/texbin/pdflatex (file ./../03_AUX/01_PICT/EightOr.
pdf): PDF inclusion: multiple pdfs with page group included in a single page
> <./../03_AUX/01_PICT/NineOr.pdf

pdfTeX warning: /Library/TeX/texbin/pdflatex (file ./../03_AUX/01_PICT/NineOr.p
df): PDF inclusion: multiple pdfs with page group included in a single page
>]
<./../03_AUX/01_PICT/OK.pdf, id=103, 64.74188pt x 64.74188pt>
File: ./../03_AUX/01_PICT/OK.pdf Graphic file (type pdf)
<use ./../03_AUX/01_PICT/OK.pdf>
Package pdftex.def Info: ./../03_AUX/01_PICT/OK.pdf  used on input line 160.
(pdftex.def)             Requested size: 22.76228pt x 22.76273pt.
<./../03_AUX/01_PICT/NOK.pdf, id=104, 64.74188pt x 64.74188pt>
File: ./../03_AUX/01_PICT/NOK.pdf Graphic file (type pdf)
<use ./../03_AUX/01_PICT/NOK.pdf>
Package pdftex.def Info: ./../03_AUX/01_PICT/NOK.pdf  used on input line 161.
(pdftex.def)             Requested size: 22.76228pt x 22.76273pt.
File: ./../03_AUX/01_PICT/OK.pdf Graphic file (type pdf)
<use ./../03_AUX/01_PICT/OK.pdf>
Package pdftex.def Info: ./../03_AUX/01_PICT/OK.pdf  used on input line 161.
(pdftex.def)             Requested size: 22.76228pt x 22.76273pt.
File: ./../03_AUX/01_PICT/OK.pdf Graphic file (type pdf)
<use ./../03_AUX/01_PICT/OK.pdf>
Package pdftex.def Info: ./../03_AUX/01_PICT/OK.pdf  used on input line 161.
(pdftex.def)             Requested size: 22.76228pt x 22.76273pt.
File: ./../03_AUX/01_PICT/NOK.pdf Graphic file (type pdf)
<use ./../03_AUX/01_PICT/NOK.pdf>
Package pdftex.def Info: ./../03_AUX/01_PICT/NOK.pdf  used on input line 161.
(pdftex.def)             Requested size: 22.76228pt x 22.76273pt.

Overfull \hbox (4.78139pt too wide) in paragraph at lines 174--174
[]|\OT1/pag/db/n/14.4 (1)| 
 []


Overfull \hbox (4.78139pt too wide) in paragraph at lines 197--197
[]|\OT1/pag/db/n/14.4 (2)| 
 []


Overfull \hbox (3.43321pt too wide) in paragraph at lines 233--233
[]|\OT1/cmr/bx/n/12 Oktal$[]$| 
 []


Underfull \hbox (badness 1590) in paragraph at lines 243--244
[]\OT1/pag/m/n/12 Beschreibung Be-schrei-bung Be-
 []


Underfull \hbox (badness 10000) in paragraph at lines 243--244

 []


Underfull \hbox (badness 10000) in paragraph at lines 244--244
[] [][]|\OT1/cmr/m/n/10.95 Bild-be-schrei-bung Bild-be-
 []


LaTeX Warning: `!h' float specifier changed to `!ht'.

<./../03_AUX/01_PICT/SecKz_ModKz_Pic_AA.pdf, id=105, 187.45032pt x 187.45032pt>

File: ./../03_AUX/01_PICT/SecKz_ModKz_Pic_AA.pdf Graphic file (type pdf)
<use ./../03_AUX/01_PICT/SecKz_ModKz_Pic_AA.pdf>
Package pdftex.def Info: ./../03_AUX/01_PICT/SecKz_ModKz_Pic_AA.pdf  used on in
put line 260.
(pdftex.def)             Requested size: 232.17772pt x 232.19284pt.

Underfull \hbox (badness 10000) in paragraph at lines 265--266
[]\OT1/pag/m/n/12 Beschreibung Be-schrei-bung
 []


Underfull \hbox (badness 10000) in paragraph at lines 265--266
\OT1/pag/m/n/12 Be-schrei-bung Be-schrei-bung
 []


Underfull \hbox (badness 10000) in paragraph at lines 265--266
\OT1/pag/m/n/12 Be-schrei-bung Be-schrei-bung
 []


Underfull \hbox (badness 10000) in paragraph at lines 265--266
\OT1/pag/m/n/12 Be-schrei-bung Be-schrei-bung
 []


Underfull \hbox (badness 10000) in paragraph at lines 265--266
\OT1/pag/m/n/12 Be-schrei-bung Be-schrei-bung
 []


Underfull \hbox (badness 1590) in paragraph at lines 265--266
\OT1/pag/m/n/12 Be-schrei-bung Be-schrei-bung Be-
 []


Underfull \hbox (badness 10000) in paragraph at lines 265--266

 []


Underfull \hbox (badness 10000) in paragraph at lines 266--266
[] [][]|\OT1/cmr/m/n/10.95 Bild-be-schrei-bung Bild-be-
 []

File: ./../03_AUX/01_PICT///HTL_logo.pdf Graphic file (type pdf)
<use ./../03_AUX/01_PICT///HTL_logo.pdf>
Package pdftex.def Info: ./../03_AUX/01_PICT///HTL_logo.pdf  used on input line
 269.
(pdftex.def)             Requested size: 55.4046pt x 24.02873pt.

Package fancyhdr Warning: \headheight is too small (18.125pt): 
(fancyhdr)                Make it at least 28.37877pt, for example:
(fancyhdr)                \setlength{\headheight}{28.37877pt}.
(fancyhdr)                You might also make \topmargin smaller to compensate:

(fancyhdr)                \addtolength{\topmargin}{-10.25377pt}.

[4 <./../03_AUX/01_PICT/OneVi.pdf> <./../03_AUX/01_PICT/TwoGn.pdf

pdfTeX warning: /Library/TeX/texbin/pdflatex (file ./../03_AUX/01_PICT/TwoGn.pd
f): PDF inclusion: multiple pdfs with page group included in a single page
> <./../03_AUX/01_PICT/OK.pdf

pdfTeX warning: /Library/TeX/texbin/pdflatex (file ./../03_AUX/01_PICT/OK.pdf):
 PDF inclusion: multiple pdfs with page group included in a single page
> <./../03_AUX/01_PICT/NOK.pdf

pdfTeX warning: /Library/TeX/texbin/pdflatex (file ./../03_AUX/01_PICT/NOK.pdf)
: PDF inclusion: multiple pdfs with page group included in a single page
>]
File: ./../03_AUX/01_PICT///HTL_logo.pdf Graphic file (type pdf)
<use ./../03_AUX/01_PICT///HTL_logo.pdf>
Package pdftex.def Info: ./../03_AUX/01_PICT///HTL_logo.pdf  used on input line
 272.
(pdftex.def)             Requested size: 55.4046pt x 24.02873pt.


Package fancyhdr Warning: \headheight is too small (18.125pt): 
(fancyhdr)                Make it at least 28.37877pt, for example:
(fancyhdr)                \setlength{\headheight}{28.37877pt}.
(fancyhdr)                You might also make \topmargin smaller to compensate:

(fancyhdr)                \addtolength{\topmargin}{-10.25377pt}.

[5 <./../03_AUX/01_PICT/SecKz_ModKz_Pic_AA.pdf>]
Underfull \hbox (badness 10000) in paragraph at lines 283--285

 []


Underfull \hbox (badness 10000) in paragraph at lines 314--315

 []

File: ./../03_AUX/01_PICT///HTL_logo.pdf Graphic file (type pdf)
<use ./../03_AUX/01_PICT///HTL_logo.pdf>
Package pdftex.def Info: ./../03_AUX/01_PICT///HTL_logo.pdf  used on input line
 320.
(pdftex.def)             Requested size: 55.4046pt x 24.02873pt.

Package fancyhdr Warning: \headheight is too small (18.125pt): 
(fancyhdr)                Make it at least 28.37877pt, for example:
(fancyhdr)                \setlength{\headheight}{28.37877pt}.
(fancyhdr)                You might also make \topmargin smaller to compensate:

(fancyhdr)                \addtolength{\topmargin}{-10.25377pt}.

[6]
File: ./../03_AUX/01_PICT///HTL_logo.pdf Graphic file (type pdf)
<use ./../03_AUX/01_PICT///HTL_logo.pdf>
Package pdftex.def Info: ./../03_AUX/01_PICT///HTL_logo.pdf  used on input line
 320.
(pdftex.def)             Requested size: 55.4046pt x 24.02873pt.


Package fancyhdr Warning: \headheight is too small (18.125pt): 
(fancyhdr)                Make it at least 28.37877pt, for example:
(fancyhdr)                \setlength{\headheight}{28.37877pt}.
(fancyhdr)                You might also make \topmargin smaller to compensate:

(fancyhdr)                \addtolength{\topmargin}{-10.25377pt}.

[7]
Underfull \hbox (badness 10000) in paragraph at lines 320--321

 []

File: ./../03_AUX/01_PICT///HTL_logo.pdf Graphic file (type pdf)
<use ./../03_AUX/01_PICT///HTL_logo.pdf>
Package pdftex.def Info: ./../03_AUX/01_PICT///HTL_logo.pdf  used on input line
 357.
(pdftex.def)             Requested size: 55.4046pt x 24.02873pt.

Package fancyhdr Warning: \headheight is too small (18.125pt): 
(fancyhdr)                Make it at least 28.37877pt, for example:
(fancyhdr)                \setlength{\headheight}{28.37877pt}.
(fancyhdr)                You might also make \topmargin smaller to compensate:

(fancyhdr)                \addtolength{\topmargin}{-10.25377pt}.


LaTeX Font Warning: Font shape `OT1/cmr/bx/n' in size <149.37698> not available

(Font)              size <24.88> substituted on input line 357.


LaTeX Font Warning: Font shape `OT1/cmr/bx/n' in size <104.56343> not available

(Font)              size <24.88> substituted on input line 357.


LaTeX Font Warning: Font shape `OT1/cmr/bx/n' in size <74.68849> not available
(Font)              size <24.88> substituted on input line 357.

[8]
File: ./../03_AUX/01_PICT/SecKz_ModKz_Pic_AA.pdf Graphic file (type pdf)
<use ./../03_AUX/01_PICT/SecKz_ModKz_Pic_AA.pdf>
Package pdftex.def Info: ./../03_AUX/01_PICT/SecKz_ModKz_Pic_AA.pdf  used on in
put line 371.
(pdftex.def)             Requested size: 195.89455pt x 195.90475pt.

Underfull \hbox (badness 1845) in paragraph at lines 377--379
[]\OT1/pag/m/n/12 Beschreibung in Bild 3[] Be-schrei-bung Be-
 []


Underfull \hbox (badness 10000) in paragraph at lines 384--385

 []

File: ./../03_AUX/01_PICT/SecKz_ModKz_Pic_AA.pdf Graphic file (type pdf)
<use ./../03_AUX/01_PICT/SecKz_ModKz_Pic_AA.pdf>
Package pdftex.def Info: ./../03_AUX/01_PICT/SecKz_ModKz_Pic_AA.pdf  used on in
put line 391.
(pdftex.def)             Requested size: 120.92421pt x 120.92596pt.
File: ./../03_AUX/01_PICT///HTL_logo.pdf Graphic file (type pdf)
<use ./../03_AUX/01_PICT///HTL_logo.pdf>
Package pdftex.def Info: ./../03_AUX/01_PICT///HTL_logo.pdf  used on input line
 398.
(pdftex.def)             Requested size: 55.4046pt x 24.02873pt.

Package fancyhdr Warning: \headheight is too small (18.125pt): 
(fancyhdr)                Make it at least 28.37877pt, for example:
(fancyhdr)                \setlength{\headheight}{28.37877pt}.
(fancyhdr)                You might also make \topmargin smaller to compensate:

(fancyhdr)                \addtolength{\topmargin}{-10.25377pt}.

[9]
File: ./../03_AUX/01_PICT///HTL_logo.pdf Graphic file (type pdf)
<use ./../03_AUX/01_PICT///HTL_logo.pdf>
Package pdftex.def Info: ./../03_AUX/01_PICT///HTL_logo.pdf  used on input line
 398.
(pdftex.def)             Requested size: 55.4046pt x 24.02873pt.


Package fancyhdr Warning: \headheight is too small (18.125pt): 
(fancyhdr)                Make it at least 28.37877pt, for example:
(fancyhdr)                \setlength{\headheight}{28.37877pt}.
(fancyhdr)                You might also make \topmargin smaller to compensate:

(fancyhdr)                \addtolength{\topmargin}{-10.25377pt}.

[10]
File: ./../03_AUX/01_PICT///HTL_logo.pdf Graphic file (type pdf)
<use ./../03_AUX/01_PICT///HTL_logo.pdf>
Package pdftex.def Info: ./../03_AUX/01_PICT///HTL_logo.pdf  used on input line
 402.
(pdftex.def)             Requested size: 55.4046pt x 24.02873pt.


Package fancyhdr Warning: \headheight is too small (18.125pt): 
(fancyhdr)                Make it at least 28.37877pt, for example:
(fancyhdr)                \setlength{\headheight}{28.37877pt}.
(fancyhdr)                You might also make \topmargin smaller to compensate:

(fancyhdr)                \addtolength{\topmargin}{-10.25377pt}.

[11]

Package acronym Warning: Acronym `DA' is not defined on input line 423.


Package acronym Warning: Acronym `ESD' is not defined on input line 423.


Underfull \hbox (badness 10000) in paragraph at lines 426--427

 []


Underfull \hbox (badness 10000) in paragraph at lines 428--429

 []

<./../03_AUX/01_PICT/SecKz_ModKz_Pic_BB.pdf, id=175, 614.295pt x 794.97pt>
File: ./../03_AUX/01_PICT/SecKz_ModKz_Pic_BB.pdf Graphic file (type pdf)
<use ./../03_AUX/01_PICT/SecKz_ModKz_Pic_BB.pdf>
Package pdftex.def Info: ./../03_AUX/01_PICT/SecKz_ModKz_Pic_BB.pdf  used on in
put line 433.
(pdftex.def)             Requested size: 614.29349pt x 794.96806pt.
File: ./../03_AUX/01_PICT/SecKz_ModKz_Pic_BB.pdf Graphic file (type pdf)
<use ./../03_AUX/01_PICT/SecKz_ModKz_Pic_BB.pdf>
Package pdftex.def Info: ./../03_AUX/01_PICT/SecKz_ModKz_Pic_BB.pdf  used on in
put line 433.
(pdftex.def)             Requested size: 614.29349pt x 794.96806pt.
<./../03_AUX/01_PICT/SecKz_ModKz_Pic_BB.pdf, id=178, page=1, 614.295pt x 794.97
pt>
File: ./../03_AUX/01_PICT/SecKz_ModKz_Pic_BB.pdf Graphic file (type pdf)
<use ./../03_AUX/01_PICT/SecKz_ModKz_Pic_BB.pdf, page 1>
Package pdftex.def Info: ./../03_AUX/01_PICT/SecKz_ModKz_Pic_BB.pdf , page1 use
d on input line 433.
(pdftex.def)             Requested size: 614.29349pt x 794.96806pt.
File: ./../03_AUX/01_PICT/SecKz_ModKz_Pic_BB.pdf Graphic file (type pdf)
<use ./../03_AUX/01_PICT/SecKz_ModKz_Pic_BB.pdf, page 1>
Package pdftex.def Info: ./../03_AUX/01_PICT/SecKz_ModKz_Pic_BB.pdf , page1 use
d on input line 433.
(pdftex.def)             Requested size: 422.72044pt x 547.05pt.
File: ./../03_AUX/01_PICT///HTL_logo.pdf Graphic file (type pdf)
<use ./../03_AUX/01_PICT///HTL_logo.pdf>
Package pdftex.def Info: ./../03_AUX/01_PICT///HTL_logo.pdf  used on input line
 433.
(pdftex.def)             Requested size: 55.4046pt x 24.02873pt.

Package fancyhdr Warning: \headheight is too small (18.125pt): 
(fancyhdr)                Make it at least 28.37877pt, for example:
(fancyhdr)                \setlength{\headheight}{28.37877pt}.
(fancyhdr)                You might also make \topmargin smaller to compensate:

(fancyhdr)                \addtolength{\topmargin}{-10.25377pt}.

[12]
File: ./../03_AUX/01_PICT/SecKz_ModKz_Pic_BB.pdf Graphic file (type pdf)
<use ./../03_AUX/01_PICT/SecKz_ModKz_Pic_BB.pdf, page 1>
Package pdftex.def Info: ./../03_AUX/01_PICT/SecKz_ModKz_Pic_BB.pdf , page1 use
d on input line 433.
(pdftex.def)             Requested size: 422.72044pt x 547.05pt.
File: ./../03_AUX/01_PICT/SecKz_ModKz_Pic_BB.pdf Graphic file (type pdf)
<use ./../03_AUX/01_PICT/SecKz_ModKz_Pic_BB.pdf, page 1>
Package pdftex.def Info: ./../03_AUX/01_PICT/SecKz_ModKz_Pic_BB.pdf , page1 use
d on input line 433.
(pdftex.def)             Requested size: 422.72044pt x 547.05pt.
<./../03_AUX/01_PICT/SecKz_ModKz_Pic_BB.pdf, id=182, page=2, 614.295pt x 794.97
pt>
File: ./../03_AUX/01_PICT/SecKz_ModKz_Pic_BB.pdf Graphic file (type pdf)
<use ./../03_AUX/01_PICT/SecKz_ModKz_Pic_BB.pdf, page 2>
Package pdftex.def Info: ./../03_AUX/01_PICT/SecKz_ModKz_Pic_BB.pdf , page2 use
d on input line 433.
(pdftex.def)             Requested size: 422.72044pt x 547.05pt.
File: ./../03_AUX/01_PICT/SecKz_ModKz_Pic_BB.pdf Graphic file (type pdf)
<use ./../03_AUX/01_PICT/SecKz_ModKz_Pic_BB.pdf, page 2>
Package pdftex.def Info: ./../03_AUX/01_PICT/SecKz_ModKz_Pic_BB.pdf , page2 use
d on input line 433.
(pdftex.def)             Requested size: 422.72044pt x 547.05pt.
File: ./../03_AUX/01_PICT/SecKz_ModKz_Pic_BB.pdf Graphic file (type pdf)
<use ./../03_AUX/01_PICT/SecKz_ModKz_Pic_BB.pdf, page 1>
Package pdftex.def Info: ./../03_AUX/01_PICT/SecKz_ModKz_Pic_BB.pdf , page1 use
d on input line 433.
(pdftex.def)             Requested size: 422.72044pt x 547.05pt.
File: ./../03_AUX/01_PICT/SecKz_ModKz_Pic_BB.pdf Graphic file (type pdf)
<use ./../03_AUX/01_PICT/SecKz_ModKz_Pic_BB.pdf, page 2>
Package pdftex.def Info: ./../03_AUX/01_PICT/SecKz_ModKz_Pic_BB.pdf , page2 use
d on input line 433.
(pdftex.def)             Requested size: 422.72044pt x 547.05pt.
 [13

 <./../03_AUX/01_PICT/SecKz_ModKz_Pic_BB.pdf> <./../03_AUX/01_PICT/SecKz_ModKz_
Pic_BB.pdf>]
<./../03_AUX/01_PICT/SecKz_ModKz_Pic_BB.pdf, id=195, page=3, 614.295pt x 794.97
pt>
File: ./../03_AUX/01_PICT/SecKz_ModKz_Pic_BB.pdf Graphic file (type pdf)
<use ./../03_AUX/01_PICT/SecKz_ModKz_Pic_BB.pdf, page 3>
Package pdftex.def Info: ./../03_AUX/01_PICT/SecKz_ModKz_Pic_BB.pdf , page3 use
d on input line 433.
(pdftex.def)             Requested size: 422.72044pt x 547.05pt.
File: ./../03_AUX/01_PICT/SecKz_ModKz_Pic_BB.pdf Graphic file (type pdf)
<use ./../03_AUX/01_PICT/SecKz_ModKz_Pic_BB.pdf, page 3>
Package pdftex.def Info: ./../03_AUX/01_PICT/SecKz_ModKz_Pic_BB.pdf , page3 use
d on input line 433.
(pdftex.def)             Requested size: 422.72044pt x 547.05pt.
<./../03_AUX/01_PICT/SecKz_ModKz_Pic_BB.pdf, id=196, page=4, 614.295pt x 794.97
pt>
File: ./../03_AUX/01_PICT/SecKz_ModKz_Pic_BB.pdf Graphic file (type pdf)
<use ./../03_AUX/01_PICT/SecKz_ModKz_Pic_BB.pdf, page 4>
Package pdftex.def Info: ./../03_AUX/01_PICT/SecKz_ModKz_Pic_BB.pdf , page4 use
d on input line 433.
(pdftex.def)             Requested size: 422.72044pt x 547.05pt.
File: ./../03_AUX/01_PICT/SecKz_ModKz_Pic_BB.pdf Graphic file (type pdf)
<use ./../03_AUX/01_PICT/SecKz_ModKz_Pic_BB.pdf, page 4>
Package pdftex.def Info: ./../03_AUX/01_PICT/SecKz_ModKz_Pic_BB.pdf , page4 use
d on input line 433.
(pdftex.def)             Requested size: 422.72044pt x 547.05pt.
File: ./../03_AUX/01_PICT/SecKz_ModKz_Pic_BB.pdf Graphic file (type pdf)
<use ./../03_AUX/01_PICT/SecKz_ModKz_Pic_BB.pdf, page 3>
Package pdftex.def Info: ./../03_AUX/01_PICT/SecKz_ModKz_Pic_BB.pdf , page3 use
d on input line 433.
(pdftex.def)             Requested size: 422.72044pt x 547.05pt.
File: ./../03_AUX/01_PICT/SecKz_ModKz_Pic_BB.pdf Graphic file (type pdf)
<use ./../03_AUX/01_PICT/SecKz_ModKz_Pic_BB.pdf, page 4>
Package pdftex.def Info: ./../03_AUX/01_PICT/SecKz_ModKz_Pic_BB.pdf , page4 use
d on input line 433.
(pdftex.def)             Requested size: 422.72044pt x 547.05pt.
 [14

 <./../03_AUX/01_PICT/SecKz_ModKz_Pic_BB.pdf> <./../03_AUX/01_PICT/SecKz_ModKz_
Pic_BB.pdf>]
<./../03_AUX/01_PICT/SecKz_ModKz_Pic_BB.pdf, id=200, page=5, 614.295pt x 794.97
pt>
File: ./../03_AUX/01_PICT/SecKz_ModKz_Pic_BB.pdf Graphic file (type pdf)
<use ./../03_AUX/01_PICT/SecKz_ModKz_Pic_BB.pdf, page 5>
Package pdftex.def Info: ./../03_AUX/01_PICT/SecKz_ModKz_Pic_BB.pdf , page5 use
d on input line 433.
(pdftex.def)             Requested size: 422.72044pt x 547.05pt.
File: ./../03_AUX/01_PICT/SecKz_ModKz_Pic_BB.pdf Graphic file (type pdf)
<use ./../03_AUX/01_PICT/SecKz_ModKz_Pic_BB.pdf, page 5>
Package pdftex.def Info: ./../03_AUX/01_PICT/SecKz_ModKz_Pic_BB.pdf , page5 use
d on input line 433.
(pdftex.def)             Requested size: 422.72044pt x 547.05pt.
<./../03_AUX/01_PICT/SecKz_ModKz_Pic_BB.pdf, id=201, page=6, 614.295pt x 794.97
pt>
File: ./../03_AUX/01_PICT/SecKz_ModKz_Pic_BB.pdf Graphic file (type pdf)
<use ./../03_AUX/01_PICT/SecKz_ModKz_Pic_BB.pdf, page 6>
Package pdftex.def Info: ./../03_AUX/01_PICT/SecKz_ModKz_Pic_BB.pdf , page6 use
d on input line 433.
(pdftex.def)             Requested size: 422.72044pt x 547.05pt.
File: ./../03_AUX/01_PICT/SecKz_ModKz_Pic_BB.pdf Graphic file (type pdf)
<use ./../03_AUX/01_PICT/SecKz_ModKz_Pic_BB.pdf, page 6>
Package pdftex.def Info: ./../03_AUX/01_PICT/SecKz_ModKz_Pic_BB.pdf , page6 use
d on input line 433.
(pdftex.def)             Requested size: 422.72044pt x 547.05pt.
File: ./../03_AUX/01_PICT/SecKz_ModKz_Pic_BB.pdf Graphic file (type pdf)
<use ./../03_AUX/01_PICT/SecKz_ModKz_Pic_BB.pdf, page 5>
Package pdftex.def Info: ./../03_AUX/01_PICT/SecKz_ModKz_Pic_BB.pdf , page5 use
d on input line 433.
(pdftex.def)             Requested size: 422.72044pt x 547.05pt.
File: ./../03_AUX/01_PICT/SecKz_ModKz_Pic_BB.pdf Graphic file (type pdf)
<use ./../03_AUX/01_PICT/SecKz_ModKz_Pic_BB.pdf, page 6>
Package pdftex.def Info: ./../03_AUX/01_PICT/SecKz_ModKz_Pic_BB.pdf , page6 use
d on input line 433.
(pdftex.def)             Requested size: 422.72044pt x 547.05pt.
 [15

 <./../03_AUX/01_PICT/SecKz_ModKz_Pic_BB.pdf> <./../03_AUX/01_PICT/SecKz_ModKz_
Pic_BB.pdf>]

enddocument/afterlastpage: lastpage setting LastPage.
(./DA_SubModul_3.aux)
 ***********
LaTeX2e <2023-11-01> patch level 1
L3 programming layer <2020/03/25>
 ***********


LaTeX Font Warning: Size substitutions with differences
(Font)              up to 124.49698pt have occurred.

 ) 
Here is how much of TeX's memory you used:
 31775 strings out of 474116
 630738 string characters out of 5743682
 1950187 words of memory out of 5000000
 53521 multiletter control sequences out of 15000+600000
 584506 words of font info for 107 fonts, out of 8000000 for 9000
 1141 hyphenation exceptions out of 8191
 115i,23n,110p,11018b,615s stack positions out of 10000i,1000n,20000p,200000b,200000s
</usr/local/texlive/2024/texmf-dist/fonts/type1/public/amsfonts/cm/cmbx10.pfb
></usr/local/texlive/2024/texmf-dist/fonts/type1/public/amsfonts/cm/cmbx12.pfb>
</usr/local/texlive/2024/texmf-dist/fonts/type1/public/amsfonts/cm/cmbxti10.pfb
></usr/local/texlive/2024/texmf-dist/fonts/type1/public/amsfonts/cm/cmex10.pfb>
</usr/local/texlive/2024/texmf-dist/fonts/type1/public/amsfonts/cm/cmmi10.pfb><
/usr/local/texlive/2024/texmf-dist/fonts/type1/public/amsfonts/cm/cmmi12.pfb></
usr/local/texlive/2024/texmf-dist/fonts/type1/public/amsfonts/cm/cmmi8.pfb></us
r/local/texlive/2024/texmf-dist/fonts/type1/public/amsfonts/cm/cmr10.pfb></usr/
local/texlive/2024/texmf-dist/fonts/type1/public/amsfonts/cm/cmr12.pfb></usr/lo
cal/texlive/2024/texmf-dist/fonts/type1/public/amsfonts/cm/cmr8.pfb></usr/local
/texlive/2024/texmf-dist/fonts/type1/public/amsfonts/cm/cmssbx10.pfb></usr/loca
l/texlive/2024/texmf-dist/fonts/type1/public/amsfonts/cm/cmsy10.pfb></usr/local
/texlive/2024/texmf-dist/fonts/type1/public/amsfonts/cm/cmsy7.pfb></usr/local/t
exlive/2024/texmf-dist/fonts/type1/public/amsfonts/cm/cmsy8.pfb></usr/local/tex
live/2024/texmf-dist/fonts/type1/public/amsfonts/cm/cmti10.pfb></usr/local/texl
ive/2024/texmf-dist/fonts/type1/urw/avantgar/uagd8a.pfb></usr/local/texlive/202
4/texmf-dist/fonts/type1/urw/avantgar/uagk8a.pfb>
Output written on DA_SubModul_3.pdf (15 pages, 369943 bytes).
PDF statistics:
 278 PDF objects out of 1000 (max. 8388607)
 133 compressed objects within 2 object streams
 0 named destinations out of 1000 (max. 500000)
 148 words of extra memory for PDF output out of 10000 (max. 10000000)

